TX: 	2021-11-22-10:37:09.690	APP0, 5AA611000000000000000000000000000000000000000000000000F0011C00

RX: 	2021-11-22-10:37:09.758	APP0, 5AA61130000F00000000002A00381002000000000000000000000001F02300

TX: 	2021-11-22-10:37:09.965	APP0, 5AA530000000000000000000000000000000000000000000000000F0013E00

RX: 	2021-11-22-10:37:10.032	APP0, 5AA530CC610700080000000000000000000000000000000000000001F09C00

TX: 	2021-11-22-10:37:10.242	APP0, 5AA506000000000000000000000000000000000000000000000000F0010800

RX: 	2021-11-22-10:37:10.309	APP0, 5AA50600110041200909070000000000000000000000000000000001F07F00

TX: 	2021-11-22-10:37:10.515	APP0, 5AA610000000000000000000000000000000000000000000000000F0011D00

RX: 	2021-11-22-10:37:10.581	APP0, 5AA610010000000000070F0400020000000000030000000001010001F01100

10:37:10.775 lifeCycle : ProductSelectActivity onPause
10:37:10.796 lifeCycle : MainActivity onCreate
TX: 	2021-11-22-10:37:11.019	APP0, 5AA611000000000000000000000000000000000000000000000000F0011C00

10:37:11.020 lifeCycle : MainActivity onStart
10:37:11.022 lifeCycle : MainActivity onResume
TX: 	2021-11-22-10:37:11.020	APP0, 5AA505000000000000000000000000000000000000000000000000F0010B00

RX: 	2021-11-22-10:37:11.085	APP0, 5AA61130000F00000000002A00381002000000000000000000000001F02300

RX: 	2021-11-22-10:37:11.119	APP0, 5AA5053039414A344E414E4330313932384400000000000000000001F04900

TX: 	2021-11-22-10:37:11.292	APP0, 5AA530000000000000000000000000000000000000000000000000F0013E00

TX: 	2021-11-22-10:37:11.326	APP0, 5AA610000000000000000000000000000000000000000000000000F0011D00

RX: 	2021-11-22-10:37:11.362	APP0, 5AA530CC610700080000000000000000000000000000000000000001F09C00

10:37:11.562 lifeCycle : ProductSelectActivity onStop
TX: 	2021-11-22-10:37:11.566	APP0, 5AA506000000000000000000000000000000000000000000000000F0010800

RX: 	2021-11-22-10:37:11.636	APP0, 5AA50600110041200909070000000000000000000000000000000001F07F00

TX: 	2021-11-22-10:37:11.833	APP0, 5AA610000000000000000000000000000000000000000000000000F0011D00

TX: 	2021-11-22-10:37:11.842	APP0, 5AA610000000000000000000000000000000000000000000000000F0011D00

RX: 	2021-11-22-10:37:11.903	APP0, 5AA610010000000000070F0400020000000000030000000001010001F01100

TX: 	2021-11-22-10:37:12.080	APP0, 5AA603000000000000000000000000000000000000000000000000F0010E00

TX: 	2021-11-22-10:37:12.113	APP0, 5AA530000000000000000000000000000000000000000000000000F0013E00

RX: 	2021-11-22-10:37:12.145	APP0, 5AA6034855524852F00601F0061F4779ECF000000000000000000001F06700

RX: 	2021-11-22-10:37:12.183	APP0, 5AA530CC610700080000000000000000000000000000000000000001F09C00

TX: 	2021-11-22-10:37:12.358	APP0, 5AA610000000000000000000000000000000000000000000000000F0011D00

TX: 	2021-11-22-10:37:12.389	APP0, 5AA506000000000000000000000000000000000000000000000000F0010800

RX: 	2021-11-22-10:37:12.423	APP0, 5AA610010000000000070F0400020000000000030000000001010001F01100

RX: 	2021-11-22-10:37:12.457	APP0, 5AA50600110041200909070000000000000000000000000000000001F07F00

TX: 	2021-11-22-10:37:12.747	APP0, 5AA611000000000000000000000000000000000000000000000000F0011C00

TX: 	2021-11-22-10:37:12.753	APP0, 5AA611000000000000000000000000000000000000000000000000F0011C00

RX: 	2021-11-22-10:37:12.820	APP0, 5AA61130000F00000000002A00381002000000000000000000000001F02300

RX: 	2021-11-22-10:37:12.848	APP0, 5AA61130000F00000000002A00381002000000000000000000000001F02300

TX: 	2021-11-22-10:37:12.899	APP0, 5AA611000000000000000000000000000000000000000000000000F0011C00

RX: 	2021-11-22-10:37:12.966	APP0, 5AA61130000F00000000002A00381002000000000000000000000001F02300

TX: 	2021-11-22-10:37:13.027	APP0, 5AA511000000000000000000000000000000000000000000000000F0011F00

RX: 	2021-11-22-10:37:13.104	APP0, 5AA511008400CD005200000000000000000000000000FF3BA9000001F06900

TX: 	2021-11-22-10:37:13.186	APP0, 5AA612000000000000000000000000000000000000000000000000F0011F00

RX: 	2021-11-22-10:37:13.256	APP0, 5AA61202383838000000000010000000000000000000000000000001F03500

TX: 	2021-11-22-10:37:13.318	APP0, 5AA701000000000000000000000000000000000000000000000000F0010D00

RX: 	2021-11-22-10:37:13.395	APP0, 5AA70100008400CB0000005200000000000000000000000000000001F01000

TX: 	2021-11-22-10:37:13.468	APP0, 5AA613000000000000000000000000000000000000000000000000F0011E00

RX: 	2021-11-22-10:37:13.534	APP0, 5AA61301404002000000000000000000000000000000000000000001F01D00

TX: 	2021-11-22-10:37:13.606	APP0, 5AA602000000000000000000000000000000000000000000000000F0010F00

RX: 	2021-11-22-10:37:13.673	APP0, 5AA60200000500000000000000000000000000000000000000000001F00A00

TX: 	2021-11-22-10:37:13.874	APP0, 5AA611000000000000000000000000000000000000000000000000F0011C00

TX: 	2021-11-22-10:37:13.879	APP0, 5AA611000000000000000000000000000000000000000000000000F0011C00

RX: 	2021-11-22-10:37:13.942	APP0, 5AA61130000F00000000002A00381002000000000000000000000001F02300

RX: 	2021-11-22-10:37:13.974	APP0, 5AA61130000F00000000002A00381002000000000000000000000001F02300

TX: 	2021-11-22-10:37:14.145	APP0, 5AA511000000000000000000000000000000000000000000000000F0011F00

RX: 	2021-11-22-10:37:14.225	APP0, 5AA511008400CD005200000000000000000000000000FF3BA9000001F06900

TX: 	2021-11-22-10:37:14.435	APP0, 5AA701000000000000000000000000000000000000000000000000F0010D00

RX: 	2021-11-22-10:37:14.512	APP0, 5AA70100008400CC0000005200000000000000000000000000000001F01700

TX: 	2021-11-22-10:37:14.719	APP0, 5AA602000000000000000000000000000000000000000000000000F0010F00

RX: 	2021-11-22-10:37:14.786	APP0, 5AA60200000500000000000000000000000000000000000000000001F00A00

TX: 	2021-11-22-10:37:14.994	APP0, 5AA514000000000000000000000000000000000000000000000000F0011A00

RX: 	2021-11-22-10:37:15.061	APP0, 5AA51400000000000000000000000000000000000000000000000001F01A00

TX: 	2021-11-22-10:37:15.269	APP0, 5AA544000000000000000000000000000000000000000000000000F0014A00

RX: 	2021-11-22-10:37:15.347	APP0, 5AA54400000000000000000000000000000000000000000000000001F04A00

TX: 	2021-11-22-10:37:15.555	APP0, 5AA612000000000000000000000000000000000000000000000000F0011F00

RX: 	2021-11-22-10:37:15.624	APP0, 5AA61202383838000000000010000000000000000000000000000001F03500

TX: 	2021-11-22-10:37:15.829	APP0, 5AA561000000000000000000000000000000000000000000000000F0016F00

RX: 	2021-11-22-10:37:15.895	APP0, 5AA56100000000040000000000000000000000000000000000000001F06B00

TX: 	2021-11-22-10:37:16.103	APP0, 5AA621000000000000000000000000000000000000000000000000F0012C00

TX: 	2021-11-22-10:37:16.611	APP0, 5AA622000000000000000000000000000000000000000000000000F0012F00

TX: 	2021-11-22-10:37:17.120	APP0, 5AA505000000000000000000000000000000000000000000000000F0010B00

RX: 	2021-11-22-10:37:17.187	APP0, 5AA5053039414A344E414E4330313932384400000000000000000001F04900

TX: 	2021-11-22-10:37:17.396	APP0, 5AA611000000000000000000000000000000000000000000000000F0011C00

RX: 	2021-11-22-10:37:17.464	APP0, 5AA61130000F00000000002A00381002000000000000000000000001F02300

TX: 	2021-11-22-10:37:17.670	APP0, 5AA511000000000000000000000000000000000000000000000000F0011F00

RX: 	2021-11-22-10:37:17.747	APP0, 5AA511008400CC005200000000000000000000000000FF3BA9000001F06800

TX: 	2021-11-22-10:37:17.953	APP0, 5AA701000000000000000000000000000000000000000000000000F0010D00

RX: 	2021-11-22-10:37:18.031	APP0, 5AA70100008400CC0000005200000000000000000000000000000001F01700

TX: 	2021-11-22-10:37:18.237	APP0, 5AA602000000000000000000000000000000000000000000000000F0010F00

RX: 	2021-11-22-10:37:18.304	APP0, 5AA60200000500000000000000000000000000000000000000000001F00A00

TX: 	2021-11-22-10:37:18.514	APP0, 5AA514000000000000000000000000000000000000000000000000F0011A00

RX: 	2021-11-22-10:37:18.581	APP0, 5AA51400000000000000000000000000000000000000000000000001F01A00

TX: 	2021-11-22-10:37:18.789	APP0, 5AA544000000000000000000000000000000000000000000000000F0014A00

RX: 	2021-11-22-10:37:18.867	APP0, 5AA54400000000000000000000000000000000000000000000000001F04A00

TX: 	2021-11-22-10:37:19.073	APP0, 5AA612000000000000000000000000000000000000000000000000F0011F00

RX: 	2021-11-22-10:37:19.141	APP0, 5AA61202383838000000000010000000000000000000000000000001F03500

TX: 	2021-11-22-10:37:19.347	APP0, 5AA561000000000000000000000000000000000000000000000000F0016F00

RX: 	2021-11-22-10:37:19.415	APP0, 5AA56100000000040000000000000000000000000000000000000001F06B00

TX: 	2021-11-22-10:37:19.626	APP0, 5AA621000000000000000000000000000000000000000000000000F0012C00

10:37:19.935 lifeCycle : MainActivity onPause
10:37:19.969 lifeCycle : RepairGuideActivity onCreate
10:37:20.110 lifeCycle : RepairGuideActivity onStart
10:37:20.112 lifeCycle : RepairGuideActivity onResume
TX: 	2021-11-22-10:37:20.138	APP0, 5AA622000000000000000000000000000000000000000000000000F0012F00

10:37:20.473 UPLOADER : Response:200
10:37:20.475 UPLOADER : response data:{"result":"success","data":[{"productCode":"REF","errorCode":"C72","symtom":"L?i nhi?t ?? ng?n mát  b?t th??ng.","cause":"Khi nhi?t ?? ng?n mát cao b?t th??ng ho?c c?a t? ng?n mát m? trong kho?ng th?i gian xác ??nh và nhi?t ?? trong ng?n mát t?ng lên. b?ng ?i?u khi?n hi?n th? và nh?p nháy.","actionGuide":"1. Ki?m tra rò r? gas.\r\n2. Ki?m tra xem c?a có m? ???c lâu không.\r\n3. Ki?m tra n?u th?c ?n nóng ???c l?u tr?.\r\n4. Ki?m tra t?i làm mát c?a phòng liên quan. (Máy nén / Qu?t) -Xem Ph??ng pháp s?a l?i C22. ","techTip1":null,"techTip2":null,"techTip3":null,"techTip4":null,"techTip5":null}]}
TX: 	2021-11-22-10:37:20.552	APP0, 5AA611000000000000000000000000000000000000000000000000F0011C00

10:37:20.599 lifeCycle : MainActivity onStop
RX: 	2021-11-22-10:37:20.620	APP0, 5AA61130000F00000000002A00381002000000000000000000000001F02300

TX: 	2021-11-22-10:37:20.825	APP0, 5AA530000000000000000000000000000000000000000000000000F0013E00

RX: 	2021-11-22-10:37:20.893	APP0, 5AA530CC610700080000000000000000000000000000000000000001F09C00

TX: 	2021-11-22-10:37:21.100	APP0, 5AA506000000000000000000000000000000000000000000000000F0010800

RX: 	2021-11-22-10:37:21.166	APP0, 5AA50600110041200909070000000000000000000000000000000001F07F00

TX: 	2021-11-22-10:37:21.376	APP0, 5AA610000000000000000000000000000000000000000000000000F0011D00

RX: 	2021-11-22-10:37:21.444	APP0, 5AA610010000000000070F0400020000000000030000000001010001F01100

TX: 	2021-11-22-10:37:21.653	APP0, 5AA611000000000000000000000000000000000000000000000000F0011C00

RX: 	2021-11-22-10:37:21.721	APP0, 5AA61130000F00000000002A00381002000000000000000000000001F02300

TX: 	2021-11-22-10:37:21.931	APP0, 5AA612000000000000000000000000000000000000000000000000F0011F00

RX: 	2021-11-22-10:37:21.996	APP0, 5AA61202383838000000000010000000000000000000000000000001F03500

TX: 	2021-11-22-10:37:22.202	APP0, 5AA613000000000000000000000000000000000000000000000000F0011E00

RX: 	2021-11-22-10:37:22.268	APP0, 5AA61301404002000000000000000000000000000000000000000001F01D00

TX: 	2021-11-22-10:37:22.477	APP0, 5AA505000000000000000000000000000000000000000000000000F0010B00

RX: 	2021-11-22-10:37:22.544	APP0, 5AA5053039414A344E414E4330313932384400000000000000000001F04900

TX: 	2021-11-22-10:37:22.753	APP0, 5AA511000000000000000000000000000000000000000000000000F0011F00

RX: 	2021-11-22-10:37:22.831	APP0, 5AA511008400CC005200000000000000000000000000FF3BA9000001F06800

TX: 	2021-11-22-10:37:23.042	APP0, 5AA701000000000000000000000000000000000000000000000000F0010D00

RX: 	2021-11-22-10:37:23.119	APP0, 5AA70100008400CC0000005200000000000000000000000000000001F01700

TX: 	2021-11-22-10:37:23.337	APP0, 5AA602000000000000000000000000000000000000000000000000F0010F00

RX: 	2021-11-22-10:37:23.393	APP0, 5AA60200000500000000000000000000000000000000000000000001F00A00

TX: 	2021-11-22-10:37:23.602	APP0, 5AA514000000000000000000000000000000000000000000000000F0011A00

RX: 	2021-11-22-10:37:23.669	APP0, 5AA51400000000000000000000000000000000000000000000000001F01A00

TX: 	2021-11-22-10:37:23.875	APP0, 5AA544000000000000000000000000000000000000000000000000F0014A00

RX: 	2021-11-22-10:37:23.952	APP0, 5AA54400000000000000000000000000000000000000000000000001F04A00

TX: 	2021-11-22-10:37:24.158	APP0, 5AA612000000000000000000000000000000000000000000000000F0011F00

RX: 	2021-11-22-10:37:24.226	APP0, 5AA61202383838000000000010000000000000000000000000000001F03500

10:37:24.309 lifeCycle : RepairGuideActivity Finish
10:37:24.312 lifeCycle : RepairGuideActivity onPause
10:37:24.325 lifeCycle : MainActivity onRestart
10:37:24.330 lifeCycle : MainActivity onStart
10:37:24.337 lifeCycle : MainActivity onResume
TX: 	2021-11-22-10:37:24.428	APP0, 5AA561000000000000000000000000000000000000000000000000F0016F00

RX: 	2021-11-22-10:37:24.494	APP0, 5AA56100000000040000000000000000000000000000000000000001F06B00

TX: 	2021-11-22-10:37:24.701	APP0, 5AA621000000000000000000000000000000000000000000000000F0012C00

10:37:24.794 lifeCycle : RepairGuideActivity onStop
10:37:24.800 lifeCycle : RepairGuideActivity onDestroy
TX: 	2021-11-22-10:37:25.229	APP0, 5AA622000000000000000000000000000000000000000000000000F0012F00

TX: 	2021-11-22-10:37:25.738	APP0, 5AA505000000000000000000000000000000000000000000000000F0010B00

RX: 	2021-11-22-10:37:25.804	APP0, 5AA5053039414A344E414E4330313932384400000000000000000001F04900

TX: 	2021-11-22-10:37:26.012	APP0, 5AA611000000000000000000000000000000000000000000000000F0011C00

RX: 	2021-11-22-10:37:26.080	APP0, 5AA61130000F00000000002A00381002000000000000000000000001F02300

TX: 	2021-11-22-10:37:26.286	APP0, 5AA511000000000000000000000000000000000000000000000000F0011F00

RX: 	2021-11-22-10:37:26.364	APP0, 5AA511008400CB005200000000000000000000000000FF3BA9000001F06F00

TX: 	2021-11-22-10:37:26.570	APP0, 5AA701000000000000000000000000000000000000000000000000F0010D00

RX: 	2021-11-22-10:37:26.647	APP0, 5AA70100008400CC0000005200000000000000000000000000000001F01700

TX: 	2021-11-22-10:37:26.853	APP0, 5AA602000000000000000000000000000000000000000000000000F0010F00

RX: 	2021-11-22-10:37:26.921	APP0, 5AA60200000500000000000000000000000000000000000000000001F00A00

10:37:27.108 lifeCycle : MainActivity onPause
TX: 	2021-11-22-10:37:27.128	APP0, 5AA514000000000000000000000000000000000000000000000000F0011A00

10:37:27.140 lifeCycle : REFSelfDiagnosisActivity onCreate
RX: 	2021-11-22-10:37:27.194	APP0, 5AA51400000000000000000000000000000000000000000000000001F01A00

10:37:27.285 lifeCycle : REFSelfDiagnosisActivity onStart
10:37:27.286 lifeCycle : REFSelfDiagnosisActivity onResume
TX: 	2021-11-22-10:37:27.458	APP0, 5AA544000000000000000000000000000000000000000000000000F0014A00

RX: 	2021-11-22-10:37:27.536	APP0, 5AA54400000000000000000000000000000000000000000000000001F04A00

TX: 	2021-11-22-10:37:27.743	APP0, 5AA612000000000000000000000000000000000000000000000000F0011F00

10:37:27.783 lifeCycle : MainActivity onStop
RX: 	2021-11-22-10:37:27.809	APP0, 5AA61202383838000000000010000000000000000000000000000001F03500

TX: 	2021-11-22-10:37:28.017	APP0, 5AA561000000000000000000000000000000000000000000000000F0016F00

RX: 	2021-11-22-10:37:28.084	APP0, 5AA56100000000040000000000000000000000000000000000000001F06B00

TX: 	2021-11-22-10:37:28.294	APP0, 5AA621000000000000000000000000000000000000000000000000F0012C00

10:37:28.804 lifeCycle : REFSelfDiagnosisActivity Finish
10:37:28.808 lifeCycle : REFSelfDiagnosisActivity onPause
10:37:28.825 lifeCycle : MainActivity onRestart
TX: 	2021-11-22-10:37:28.823	APP0, 5AA622000000000000000000000000000000000000000000000000F0012F00

10:37:28.828 lifeCycle : MainActivity onStart
10:37:28.830 lifeCycle : MainActivity onResume
10:37:29.322 lifeCycle : REFSelfDiagnosisActivity onStop
10:37:29.327 lifeCycle : REFSelfDiagnosisActivity onDestroy
TX: 	2021-11-22-10:37:29.336	APP0, 5AA505000000000000000000000000000000000000000000000000F0010B00

RX: 	2021-11-22-10:37:29.403	APP0, 5AA5053039414A344E414E4330313932384400000000000000000001F04900

TX: 	2021-11-22-10:37:29.607	APP0, 5AA611000000000000000000000000000000000000000000000000F0011C00

RX: 	2021-11-22-10:37:29.676	APP0, 5AA61130000F00000000002A00381002000000000000000000000001F02300

TX: 	2021-11-22-10:37:29.881	APP0, 5AA511000000000000000000000000000000000000000000000000F0011F00

RX: 	2021-11-22-10:37:29.958	APP0, 5AA511008400CB005200000000000000000000000000FF3BA9000001F06F00

TX: 	2021-11-22-10:37:30.167	APP0, 5AA701000000000000000000000000000000000000000000000000F0010D00

RX: 	2021-11-22-10:37:30.246	APP0, 5AA70100008400CC0000005200000000000000000000000000000001F01700

TX: 	2021-11-22-10:37:30.453	APP0, 5AA602000000000000000000000000000000000000000000000000F0010F00

RX: 	2021-11-22-10:37:30.520	APP0, 5AA60200000500000000000000000000000000000000000000000001F00A00

TX: 	2021-11-22-10:37:30.731	APP0, 5AA514000000000000000000000000000000000000000000000000F0011A00

10:37:30.773 lifeCycle : MainActivity onPause
RX: 	2021-11-22-10:37:30.798	APP0, 5AA51400000000000000000000000000000000000000000000000001F01A00

10:37:30.808 lifeCycle : WeakCoolingDiagActivity onCreate
10:37:30.859 lifeCycle : WeakCoolingDiagActivity onStart
10:37:30.861 lifeCycle : WeakCoolingDiagActivity onResume
TX: 	2021-11-22-10:37:31.007	APP0, 5AA608000000000000000000000000000000000000000000000000F0010500

RX: 	2021-11-22-10:37:31.074	APP0, 5AA60864000000000000000000000000000000000000000000000001F06100

TX: 	2021-11-22-10:37:31.131	APP0, 5AA530000000000000000000000000000000000000000000000000F0013E00

RX: 	2021-11-22-10:37:31.197	APP0, 5AA530CC610700080000000000000000000000000000000000000001F09C00

TX: 	2021-11-22-10:37:31.255	APP0, 5AA603000000000000000000000000000000000000000000000000F0010E00

RX: 	2021-11-22-10:37:31.323	APP0, 5AA6034855524852F00601F0061F4779ECF000000000000000000001F06700

10:37:31.356 lifeCycle : MainActivity onStop
TX: 	2021-11-22-10:37:31.379	APP0, 5AA544000000000000000000000000000000000000000000000000F0014A00

RX: 	2021-11-22-10:37:31.457	APP0, 5AA54400000000000000000000000000000000000000000000000001F04A00

TX: 	2021-11-22-10:37:31.663	APP0, 5AA612000000000000000000000000000000000000000000000000F0011F00

10:37:31.722 WeakCoolingDiagActivity : onClick()::Diagnosis start
RX: 	2021-11-22-10:37:31.730	APP0, 5AA61202383838000000000010000000000000000000000000000001F03500

TX: 	2021-11-22-10:37:31.738	APP0, 5AA620010000000000000000000000000000000000000000000000F0012C00

RX: 	2021-11-22-10:37:31.805	APP0, 5AA62001008300CC0000000500008500000100840000000000000001F06600

TX: 	2021-11-22-10:37:32.012	APP0, 5AA620020000000000000000000000000000000000000000000000F0012F00

RX: 	2021-11-22-10:37:32.078	APP0, 5AA62002007800B60000000508008500000800840000000000000001F0E500

TX: 	2021-11-22-10:37:32.289	APP0, 5AA620030000000000000000000000000000000000000000000000F0012E00

RX: 	2021-11-22-10:37:32.356	APP0, 5AA62003008100D80000000500008500000300840000000000000001F07000

TX: 	2021-11-22-10:37:32.563	APP0, 5AA620040000000000000000000000000000000000000000000000F0012900

RX: 	2021-11-22-10:37:32.629	APP0, 5AA62004008300D70000000500008500000000840000000000000001F07900

TX: 	2021-11-22-10:37:32.843	APP0, 5AA620050000000000000000000000000000000000000000000000F0012800

RX: 	2021-11-22-10:37:32.913	APP0, 5AA62005008300D70000000500008500000200840000000000000001F07A00

TX: 	2021-11-22-10:37:33.125	APP0, 5AA620060000000000000000000000000000000000000000000000F0012B00

RX: 	2021-11-22-10:37:33.195	APP0, 5AA62006008400D60000000500008500000000840000000000000001F07D00

TX: 	2021-11-22-10:37:33.411	APP0, 5AA620070000000000000000000000000000000000000000000000F0012A00

RX: 	2021-11-22-10:37:33.476	APP0, 5AA62007008300D40000000500008500000000840000000000000001F07900

TX: 	2021-11-22-10:37:33.685	APP0, 5AA620080000000000000000000000000000000000000000000000F0012500

RX: 	2021-11-22-10:37:33.754	APP0, 5AA62008007D00CE0000000500008500000000840000000000000001F09200

TX: 	2021-11-22-10:37:33.964	APP0, 5AA620090000000000000000000000000000000000000000000000F0012400

RX: 	2021-11-22-10:37:34.032	APP0, 5AA62009007600CE0000000500008500000000840000000000000001F09800

TX: 	2021-11-22-10:37:34.242	APP0, 5AA6200A0000000000000000000000000000000000000000000000F0012700

RX: 	2021-11-22-10:37:34.309	APP0, 5AA6200A006E00CA0000000508008500000000840000000000000001F08F00

TX: 	2021-11-22-10:37:34.518	APP0, 5AA6200B0000000000000000000000000000000000000000000000F0012600

RX: 	2021-11-22-10:37:34.586	APP0, 5AA6200B006400920000000008008500000000840000000000000001F0D900

TX: 	2021-11-22-10:37:34.797	APP0, 5AA6200C0000000000000000000000000000000000000000000000F0012100

RX: 	2021-11-22-10:37:34.863	APP0, 5AA6200C006300D90000000500008500000400840000000000000001F09B00

TX: 	2021-11-22-10:37:35.076	APP0, 5AA6200D0000000000000000000000000000000000000000000000F0012000

RX: 	2021-11-22-10:37:35.142	APP0, 5AA6200D006500D60000000100008500000500840000000000000001F09600

TX: 	2021-11-22-10:37:35.351	APP0, 5AA6200E0000000000000000000000000000000000000000000000F0012300

RX: 	2021-11-22-10:37:35.418	APP0, 5AA6200E006700D70000000500008500001100840000000000000001F08600

TX: 	2021-11-22-10:37:35.629	APP0, 5AA6200F0000000000000000000000000000000000000000000000F0012200

RX: 	2021-11-22-10:37:35.695	APP0, 5AA6200F006D00D60000000500008500001A00840000000000000001F08700

TX: 	2021-11-22-10:37:35.904	APP0, 5AA620100000000000000000000000000000000000000000000000F0013D00

RX: 	2021-11-22-10:37:35.971	APP0, 5AA62010007800D10000000500008500000600840000000000000001F09600

TX: 	2021-11-22-10:37:36.181	APP0, 5AA620110000000000000000000000000000000000000000000000F0013C00

RX: 	2021-11-22-10:37:36.250	APP0, 5AA62011007800CE0000000500008500000600840000000000000001F08800

TX: 	2021-11-22-10:37:36.457	APP0, 5AA620120000000000000000000000000000000000000000000000F0013F00

RX: 	2021-11-22-10:37:36.524	APP0, 5AA62012007100CA0000000500008500000D00840000000000000001F08D00

TX: 	2021-11-22-10:37:36.741	APP0, 5AA620130000000000000000000000000000000000000000000000F0013E00

RX: 	2021-11-22-10:37:36.805	APP0, 5AA62013006600C00000000508008500001300840000000000000001F08700

TX: 	2021-11-22-10:37:37.013	APP0, 5AA620140000000000000000000000000000000000000000000000F0013900

RX: 	2021-11-22-10:37:37.083	APP0, 5AA62014006800DB0000000500008500001000840000000000000001F09E00

TX: 	2021-11-22-10:37:37.290	APP0, 5AA620150000000000000000000000000000000000000000000000F0013800

RX: 	2021-11-22-10:37:37.363	APP0, 5AA62015007100DA0000000500008500001000840000000000000001F08700

TX: 	2021-11-22-10:37:37.576	APP0, 5AA620160000000000000000000000000000000000000000000000F0013B00

RX: 	2021-11-22-10:37:37.644	APP0, 5AA62016007D00D60000000500008500000700840000000000000001F09300

TX: 	2021-11-22-10:37:37.858	APP0, 5AA620170000000000000000000000000000000000000000000000F0013A00

RX: 	2021-11-22-10:37:37.925	APP0, 5AA62017007D00D20000000500008500000B00840000000000000001F09A00

TX: 	2021-11-22-10:37:38.158	APP0, 5AA620180000000000000000000000000000000000000000000000F0013500

RX: 	2021-11-22-10:37:38.214	APP0, 5AA62018007D00D10000000500008500000900840000000000000001F09400

TX: 	2021-11-22-10:37:38.425	APP0, 5AA620190000000000000000000000000000000000000000000000F0013400

RX: 	2021-11-22-10:37:38.493	APP0, 5AA62019007F00CD0000000500008500000E00840000000000000001F08C00

TX: 	2021-11-22-10:37:38.707	APP0, 5AA6201A0000000000000000000000000000000000000000000000F0013700

RX: 	2021-11-22-10:37:38.773	APP0, 5AA6201A008200CB0000000500008500000900840000000000000001F07300

TX: 	2021-11-22-10:37:38.991	APP0, 5AA6201B0000000000000000000000000000000000000000000000F0013600

RX: 	2021-11-22-10:37:39.058	APP0, 5AA6201B008400CD0000000500008500000600850000000000000001F07C00

TX: 	2021-11-22-10:37:39.269	APP0, 5AA6201C0000000000000000000000000000000000000000000000F0013100

RX: 	2021-11-22-10:37:39.335	APP0, 5AA6201C007C00BF0000000508008500000000850000000000000001F0FF00

TX: 	2021-11-22-10:37:39.547	APP0, 5AA6201D0000000000000000000000000000000000000000000000F0013000

RX: 	2021-11-22-10:37:39.614	APP0, 5AA6201D008400D90000000500008500000100840000000000000001F06800

TX: 	2021-11-22-10:37:39.827	APP0, 5AA6201E0000000000000000000000000000000000000000000000F0013300

RX: 	2021-11-22-10:37:39.894	APP0, 5AA6201E008400D70000000500008500000000840000000000000001F06400

TX: 	2021-11-22-10:37:40.106	APP0, 5AA6201F0000000000000000000000000000000000000000000000F0013200

RX: 	2021-11-22-10:37:40.173	APP0, 5AA6201F008300D70000000500008500000000840000000000000001F06200

TX: 	2021-11-22-10:37:40.382	APP0, 5AA620200000000000000000000000000000000000000000000000F0010D00

RX: 	2021-11-22-10:37:40.449	APP0, 5AA62020008200D60000000500008500000000840000000000000001F05D00

TX: 	2021-11-22-10:37:40.663	APP0, 5AA620210000000000000000000000000000000000000000000000F0010C00

RX: 	2021-11-22-10:37:40.729	APP0, 5AA62021008100D50000000500008500000000840000000000000001F05C00

TX: 	2021-11-22-10:37:40.941	APP0, 5AA620220000000000000000000000000000000000000000000000F0010F00

RX: 	2021-11-22-10:37:41.008	APP0, 5AA62022007B00CF0000000500008500000000840000000000000001F0BF00

TX: 	2021-11-22-10:37:41.217	APP0, 5AA620230000000000000000000000000000000000000000000000F0010E00

RX: 	2021-11-22-10:37:41.283	APP0, 5AA62023007500CE0000000500008500000000840000000000000001F0B100

TX: 	2021-11-22-10:37:41.498	APP0, 5AA620240000000000000000000000000000000000000000000000F0010900

RX: 	2021-11-22-10:37:41.565	APP0, 5AA62024006B00CA0000000508008500000300840000000000000001F0A700

TX: 	2021-11-22-10:37:41.778	APP0, 5AA620250000000000000000000000000000000000000000000000F0010800

RX: 	2021-11-22-10:37:41.851	APP0, 5AA62025006300910000000008008500000800840000000000000001F0FB00

TX: 	2021-11-22-10:37:42.071	APP0, 5AA620260000000000000000000000000000000000000000000000F0010B00

RX: 	2021-11-22-10:37:42.138	APP0, 5AA62026006400D90000000500008500001300840000000000000001F0A100

TX: 	2021-11-22-10:37:42.357	APP0, 5AA620270000000000000000000000000000000000000000000000F0010A00

RX: 	2021-11-22-10:37:42.423	APP0, 5AA62027006600D80000000500008500000D00840000000000000001F0BD00

TX: 	2021-11-22-10:37:42.635	APP0, 5AA620280000000000000000000000000000000000000000000000F0010500

RX: 	2021-11-22-10:37:42.701	APP0, 5AA62028006C00D70000000500008500000700840000000000000001F0BD00

TX: 	2021-11-22-10:37:42.913	APP0, 5AA620290000000000000000000000000000000000000000000000F0010400

RX: 	2021-11-22-10:37:42.980	APP0, 5AA62029007500D20000000500008500000A00840000000000000001F0AD00

TX: 	2021-11-22-10:37:43.200	APP0, 5AA6202A0000000000000000000000000000000000000000000000F0010700

RX: 	2021-11-22-10:37:43.269	APP0, 5AA6202A007900D00000000500008500000500840000000000000001F0AF00

TX: 	2021-11-22-10:37:43.482	APP0, 5AA6202B0000000000000000000000000000000000000000000000F0010600

RX: 	2021-11-22-10:37:43.549	APP0, 5AA6202B007400CE0000000500008500001200840000000000000001F0AA00

TX: 	2021-11-22-10:37:43.756	APP0, 5AA6202C0000000000000000000000000000000000000000000000F0010100

RX: 	2021-11-22-10:37:43.822	APP0, 5AA6202C007800C80000000100008500001400840000000000000001F0A500

TX: 	2021-11-22-10:37:44.035	APP0, 5AA6202D0000000000000000000000000000000000000000000000F0010000

RX: 	2021-11-22-10:37:44.101	APP0, 5AA6202D007000C10000000508008500000C00840000000000000001F0B100

TX: 	2021-11-22-10:37:44.310	APP0, 5AA6202E0000000000000000000000000000000000000000000000F0010300

RX: 	2021-11-22-10:37:44.376	APP0, 5AA6202E007600DA0000000500008500000600840000000000000001F0AD00

TX: 	2021-11-22-10:37:44.585	APP0, 5AA6202F0000000000000000000000000000000000000000000000F0010200

RX: 	2021-11-22-10:37:44.652	APP0, 5AA6202F007F00D50000000500008500000300840000000000000001F0AF00

TX: 	2021-11-22-10:37:44.861	APP0, 5AA620300000000000000000000000000000000000000000000000F0011D00

RX: 	2021-11-22-10:37:44.930	APP0, 5AA62030007F00D50000000500008500000900840000000000000001F0BA00

TX: 	2021-11-22-10:37:45.148	APP0, 5AA620310000000000000000000000000000000000000000000000F0011C00

RX: 	2021-11-22-10:37:45.215	APP0, 5AA62031008200D30000000500008500000600840000000000000001F04F00

TX: 	2021-11-22-10:37:45.421	APP0, 5AA620320000000000000000000000000000000000000000000000F0011F00

RX: 	2021-11-22-10:37:45.487	APP0, 5AA62032008500D00000000000008500000300840000000000000001F04800

TX: 	2021-11-22-10:37:45.706	APP0, 5AA620330000000000000000000000000000000000000000000000F0011E00

RX: 	2021-11-22-10:37:45.775	APP0, 5AA62033008200D30000000500008500000000840000000000000001F04B00

TX: 	2021-11-22-10:37:45.983	APP0, 5AA620340000000000000000000000000000000000000000000000F0011900

RX: 	2021-11-22-10:37:46.052	APP0, 5AA62034008300D30000000500008500000300840000000000000001F04E00

TX: 	2021-11-22-10:37:46.261	APP0, 5AA620350000000000000000000000000000000000000000000000F0011800

RX: 	2021-11-22-10:37:46.328	APP0, 5AA62035008500D10000000500008500000000840000000000000001F04800

TX: 	2021-11-22-10:37:46.546	APP0, 5AA620360000000000000000000000000000000000000000000000F0011B00

RX: 	2021-11-22-10:37:46.615	APP0, 5AA62036007D00D30000000500008500000000840000000000000001F0B100

TX: 	2021-11-22-10:37:46.825	APP0, 5AA620370000000000000000000000000000000000000000000000F0011A00

RX: 	2021-11-22-10:37:46.893	APP0, 5AA62037007600D10000000500008500000000840000000000000001F0B900

TX: 	2021-11-22-10:37:47.108	APP0, 5AA620380000000000000000000000000000000000000000000000F0011500

RX: 	2021-11-22-10:37:47.174	APP0, 5AA62038006400C40000000508008500000000840000000000000001F0B900

TX: 	2021-11-22-10:37:47.383	APP0, 5AA620390000000000000000000000000000000000000000000000F0011400

RX: 	2021-11-22-10:37:47.449	APP0, 5AA62039006200E10000000500008500000000850000000000000001F09200

TX: 	2021-11-22-10:37:47.657	APP0, 5AA6203A0000000000000000000000000000000000000000000000F0011700

RX: 	2021-11-22-10:37:47.725	APP0, 5AA6203A006200DF0000000500008500000000850000000000000001F0AF00

TX: 	2021-11-22-10:37:47.933	APP0, 5AA6203B0000000000000000000000000000000000000000000000F0011600

RX: 	2021-11-22-10:37:47.999	APP0, 5AA6203B006200DC0000000500008500000000850000000000000001F0AD00

TX: 	2021-11-22-10:37:48.220	APP0, 5AA6203C0000000000000000000000000000000000000000000000F0011100

RX: 	2021-11-22-10:37:48.290	APP0, 5AA6203C006300DC0000000500008500000200850000000000000001F0A900

TX: 	2021-11-22-10:37:48.497	APP0, 5AA6203D0000000000000000000000000000000000000000000000F0011000

RX: 	2021-11-22-10:37:48.567	APP0, 5AA6203D006200D90000000500008500001700850000000000000001F0B900

TX: 	2021-11-22-10:37:48.774	APP0, 5AA6203E0000000000000000000000000000000000000000000000F0011300

RX: 	2021-11-22-10:37:48.839	APP0, 5AA6203E006800D80000000100008500001700850000000000000001F0B500

TX: 	2021-11-22-10:37:49.045	APP0, 5AA6203F0000000000000000000000000000000000000000000000F0011200

RX: 	2021-11-22-10:37:49.112	APP0, 5AA6203F006B00D30000000500008500001000850000000000000001F0BF00

TX: 	2021-11-22-10:37:49.322	APP0, 5AA620400000000000000000000000000000000000000000000000F0016D00

RX: 	2021-11-22-10:37:49.389	APP0, 5AA62040007000D00000000500008500000800840000000000000001F0C100

TX: 	2021-11-22-10:37:49.600	APP0, 5AA620410000000000000000000000000000000000000000000000F0016C00

RX: 	2021-11-22-10:37:49.666	APP0, 5AA62041007200D10000000500008500000F00840000000000000001F0C400

TX: 	2021-11-22-10:37:49.882	APP0, 5AA620420000000000000000000000000000000000000000000000F0016F00

RX: 	2021-11-22-10:37:49.948	APP0, 5AA62042007500CE0000000500008500001B00840000000000000001F0CB00

TX: 	2021-11-22-10:37:50.159	APP0, 5AA620430000000000000000000000000000000000000000000000F0016E00

RX: 	2021-11-22-10:37:50.230	APP0, 5AA62043007900CB0000000500008500000900840000000000000001F0D100

TX: 	2021-11-22-10:37:50.441	APP0, 5AA620440000000000000000000000000000000000000000000000F0016900

RX: 	2021-11-22-10:37:50.507	APP0, 5AA62044007100C50000000508008500000500840000000000000001F0D400

TX: 	2021-11-22-10:37:50.722	APP0, 5AA620450000000000000000000000000000000000000000000000F0016800

RX: 	2021-11-22-10:37:50.788	APP0, 5AA62045006C00930000000008008500000900840000000000000001F09700

TX: 	2021-11-22-10:37:51.007	APP0, 5AA620460000000000000000000000000000000000000000000000F0016B00

RX: 	2021-11-22-10:37:51.075	APP0, 5AA62046007500D60000000500008500000E00840000000000000001F0C200

TX: 	2021-11-22-10:37:51.291	APP0, 5AA620470000000000000000000000000000000000000000000000F0016A00

RX: 	2021-11-22-10:37:51.358	APP0, 5AA62047007A00D30000000500008500001000840000000000000001F0D700

TX: 	2021-11-22-10:37:51.577	APP0, 5AA620480000000000000000000000000000000000000000000000F0016500

RX: 	2021-11-22-10:37:51.643	APP0, 5AA62048007F00D20000000500008500000F00840000000000000001F0C300

TX: 	2021-11-22-10:37:51.852	APP0, 5AA620490000000000000000000000000000000000000000000000F0016400

RX: 	2021-11-22-10:37:51.921	APP0, 5AA62049008300CF0000000500008500000100840000000000000001F02D00

TX: 	2021-11-22-10:37:52.138	APP0, 5AA6204A0000000000000000000000000000000000000000000000F0016700

RX: 	2021-11-22-10:37:52.205	APP0, 5AA6204A008200D00000000500008500000000850000000000000001F03000

TX: 	2021-11-22-10:37:52.416	APP0, 5AA6204B0000000000000000000000000000000000000000000000F0016600

RX: 	2021-11-22-10:37:52.483	APP0, 5AA6204B008300D20000000500008500000100850000000000000001F03300

TX: 	2021-11-22-10:37:52.694	APP0, 5AA6204C0000000000000000000000000000000000000000000000F0016100

RX: 	2021-11-22-10:37:52.761	APP0, 5AA6204C008400CF0000000500008500000000840000000000000001F02E00

TX: 	2021-11-22-10:37:52.974	APP0, 5AA6204D0000000000000000000000000000000000000000000000F0016000

RX: 	2021-11-22-10:37:53.042	APP0, 5AA6204D008500D50000000500008500000000840000000000000001F03400

TX: 	2021-11-22-10:37:53.256	APP0, 5AA6204E0000000000000000000000000000000000000000000000F0016300

RX: 	2021-11-22-10:37:53.324	APP0, 5AA6204E008200CE0000000500008500000000840000000000000001F02B00

TX: 	2021-11-22-10:37:53.532	APP0, 5AA6204F0000000000000000000000000000000000000000000000F0016200

RX: 	2021-11-22-10:37:53.602	APP0, 5AA6204F008000CD0000000500008500000000840000000000000001F02B00

TX: 	2021-11-22-10:37:53.807	APP0, 5AA620500000000000000000000000000000000000000000000000F0017D00

RX: 	2021-11-22-10:37:53.874	APP0, 5AA62050007A00CD0000000500008500000000840000000000000001F0CE00

TX: 	2021-11-22-10:37:54.091	APP0, 5AA620510000000000000000000000000000000000000000000000F0017C00

RX: 	2021-11-22-10:37:54.157	APP0, 5AA62051006D00C70000000508008500000000840000000000000001F0DA00

TX: 	2021-11-22-10:37:54.368	APP0, 5AA620520000000000000000000000000000000000000000000000F0017F00

RX: 	2021-11-22-10:37:54.435	APP0, 5AA62052006700950000000008008500000200840000000000000001F08600

TX: 	2021-11-22-10:37:54.643	APP0, 5AA620530000000000000000000000000000000000000000000000F0017E00

RX: 	2021-11-22-10:37:54.710	APP0, 5AA62053006800DB0000000500008500000D00840000000000000001F0C400

TX: 	2021-11-22-10:37:54.917	APP0, 5AA620540000000000000000000000000000000000000000000000F0017900

RX: 	2021-11-22-10:37:54.984	APP0, 5AA62054006D00DA0000000100008500001300840000000000000001F0DD00

TX: 	2021-11-22-10:37:55.197	APP0, 5AA620550000000000000000000000000000000000000000000000F0017800

RX: 	2021-11-22-10:37:55.267	APP0, 5AA62055007300D80000000500008500001700840000000000000001F0C000

TX: 	2021-11-22-10:37:55.475	APP0, 5AA620560000000000000000000000000000000000000000000000F0017B00

RX: 	2021-11-22-10:37:55.543	APP0, 5AA62056007E00D40000000500008500000400840000000000000001F0D100

TX: 	2021-11-22-10:37:55.764	APP0, 5AA620570000000000000000000000000000000000000000000000F0017A00

RX: 	2021-11-22-10:37:55.826	APP0, 5AA62057007800D00000000500008500000C00840000000000000001F0DA00

TX: 	2021-11-22-10:37:56.046	APP0, 5AA620580000000000000000000000000000000000000000000000F0017500

RX: 	2021-11-22-10:37:56.114	APP0, 5AA62058007900D20000000500008500000600840000000000000001F0DC00

TX: 	2021-11-22-10:37:56.327	APP0, 5AA620590000000000000000000000000000000000000000000000F0017400

RX: 	2021-11-22-10:37:56.396	APP0, 5AA62059007400C80000000500008500001100840000000000000001F0DD00

TX: 	2021-11-22-10:37:56.605	APP0, 5AA6205A0000000000000000000000000000000000000000000000F0017700

RX: 	2021-11-22-10:37:56.672	APP0, 5AA6205A006B00B90000000508008500000B00840000000000000001F0A200

TX: 	2021-11-22-10:37:56.898	APP0, 5AA6205B0000000000000000000000000000000000000000000000F0017600

RX: 	2021-11-22-10:37:56.967	APP0, 5AA6205B007100DB0000000500008500000D00840000000000000001F0D500

TX: 	2021-11-22-10:37:57.183	APP0, 5AA6205C0000000000000000000000000000000000000000000000F0017100

RX: 	2021-11-22-10:37:57.251	APP0, 5AA6205C007800D60000000500008500000600840000000000000001F0DD00

TX: 	2021-11-22-10:37:57.457	APP0, 5AA6205D0000000000000000000000000000000000000000000000F0017000

RX: 	2021-11-22-10:37:57.525	APP0, 5AA6205D007F00D40000000500008500000400840000000000000001F0DB00

TX: 	2021-11-22-10:37:57.737	APP0, 5AA6205E0000000000000000000000000000000000000000000000F0017300

RX: 	2021-11-22-10:37:57.807	APP0, 5AA6205E007C00D20000000500008500000A00840000000000000001F0D300

TX: 	2021-11-22-10:37:58.017	APP0, 5AA6205F0000000000000000000000000000000000000000000000F0017200

RX: 	2021-11-22-10:37:58.083	APP0, 5AA6205F007D00D10000000500008500001300840000000000000001F0C900

TX: 	2021-11-22-10:37:58.288	APP0, 5AA620600000000000000000000000000000000000000000000000F0014D00

RX: 	2021-11-22-10:37:58.357	APP0, 5AA62060008100CC0000000500008500000500840000000000000001F00100

TX: 	2021-11-22-10:37:58.568	APP0, 5AA620610000000000000000000000000000000000000000000000F0014C00

RX: 	2021-11-22-10:37:58.638	APP0, 5AA62061007C00CB0000000500008500000200840000000000000001F0FD00

TX: 	2021-11-22-10:37:58.852	APP0, 5AA620620000000000000000000000000000000000000000000000F0014F00

RX: 	2021-11-22-10:37:58.921	APP0, 5AA62062007300C90000000508008500000100840000000000000001F0F800

TX: 	2021-11-22-10:37:59.132	APP0, 5AA620630000000000000000000000000000000000000000000000F0014E00

RX: 	2021-11-22-10:37:59.198	APP0, 5AA62063007100900000000008008500000100840000000000000001F0A700

TX: 	2021-11-22-10:37:59.406	APP0, 5AA620640000000000000000000000000000000000000000000000F0014900

RX: 	2021-11-22-10:37:59.472	APP0, 5AA62064007300D80000000500008500000000840000000000000001F0E600

TX: 	2021-11-22-10:37:59.680	APP0, 5AA620650000000000000000000000000000000000000000000000F0014800

RX: 	2021-11-22-10:37:59.746	APP0, 5AA62065007500D50000000500008500000000840000000000000001F0EC00

TX: 	2021-11-22-10:37:59.956	APP0, 5AA620660000000000000000000000000000000000000000000000F0014B00

RX: 	2021-11-22-10:38:00.025	APP0, 5AA62066007900D30000000500008500000000840000000000000001F0E500

TX: 	2021-11-22-10:38:00.241	APP0, 5AA620670000000000000000000000000000000000000000000000F0014A00

RX: 	2021-11-22-10:38:00.308	APP0, 5AA62067007900D10000000500008500000000840000000000000001F0E600

TX: 	2021-11-22-10:38:00.520	APP0, 5AA620680000000000000000000000000000000000000000000000F0014500

RX: 	2021-11-22-10:38:00.591	APP0, 5AA62068007300CD0000000500008500000000840000000000000001F0FF00

TX: 	2021-11-22-10:38:00.807	APP0, 5AA620690000000000000000000000000000000000000000000000F0014400

RX: 	2021-11-22-10:38:00.871	APP0, 5AA62069006E00CC0000000500008500000100840000000000000001F0E300

TX: 	2021-11-22-10:38:01.093	APP0, 5AA6206A0000000000000000000000000000000000000000000000F0014700

RX: 	2021-11-22-10:38:01.159	APP0, 5AA6206A006B00CB0000000500008500000100840000000000000001F0E200

TX: 	2021-11-22-10:38:01.377	APP0, 5AA6206B0000000000000000000000000000000000000000000000F0014600

RX: 	2021-11-22-10:38:01.444	APP0, 5AA6206B005F00BE0000000508008500000A00840000000000000001F0A100

TX: 	2021-11-22-10:38:01.660	APP0, 5AA6206C0000000000000000000000000000000000000000000000F0014100

RX: 	2021-11-22-10:38:01.727	APP0, 5AA6206C006100E00000000500008500000A00840000000000000001F0CE00

TX: 	2021-11-22-10:38:01.936	APP0, 5AA6206D0000000000000000000000000000000000000000000000F0014000

RX: 	2021-11-22-10:38:02.005	APP0, 5AA6206D006400DC0000000500008500000800840000000000000001F0F400

TX: 	2021-11-22-10:38:02.216	APP0, 5AA6206E0000000000000000000000000000000000000000000000F0014300

RX: 	2021-11-22-10:38:02.282	APP0, 5AA6206E006400DB0000000500008500001400840000000000000001F0EC00

TX: 	2021-11-22-10:38:02.493	APP0, 5AA6206F0000000000000000000000000000000000000000000000F0014200

RX: 	2021-11-22-10:38:02.560	APP0, 5AA6206F006700D90000000500008500000500840000000000000001F0FD00

TX: 	2021-11-22-10:38:02.770	APP0, 5AA620700000000000000000000000000000000000000000000000F0015D00

RX: 	2021-11-22-10:38:02.837	APP0, 5AA62070006600DA0000000500008500000E00840000000000000001F0EB00

TX: 	2021-11-22-10:38:03.054	APP0, 5AA620710000000000000000000000000000000000000000000000F0015C00

RX: 	2021-11-22-10:38:03.122	APP0, 5AA62071006A00D70000000500008500000A00840000000000000001F0EF00

TX: 	2021-11-22-10:38:03.333	APP0, 5AA620720000000000000000000000000000000000000000000000F0015F00

RX: 	2021-11-22-10:38:03.401	APP0, 5AA62072007000D60000000100008500000600840000000000000001F0FF00

TX: 	2021-11-22-10:38:03.612	APP0, 5AA620730000000000000000000000000000000000000000000000F0015E00

RX: 	2021-11-22-10:38:03.680	APP0, 5AA62073007500D20000000500008500000800840000000000000001F0F500

TX: 	2021-11-22-10:38:03.897	APP0, 5AA620740000000000000000000000000000000000000000000000F0015900

RX: 	2021-11-22-10:38:03.967	APP0, 5AA62074007600CD0000000100008500001100840000000000000001F0F300

TX: 	2021-11-22-10:38:04.183	APP0, 5AA620750000000000000000000000000000000000000000000000F0015800

RX: 	2021-11-22-10:38:04.254	APP0, 5AA62075007800CD0000000500008500001300840000000000000001F0FA00

TX: 	2021-11-22-10:38:04.468	APP0, 5AA620760000000000000000000000000000000000000000000000F0015B00

RX: 	2021-11-22-10:38:04.534	APP0, 5AA62076007D00CA0000000508008500000B00840000000000000001F0EB00

TX: 	2021-11-22-10:38:04.744	APP0, 5AA620770000000000000000000000000000000000000000000000F0015A00

RX: 	2021-11-22-10:38:04.811	APP0, 5AA62077007F00850000000008008500000100840000000000000001F0A800

TX: 	2021-11-22-10:38:05.032	APP0, 5AA620780000000000000000000000000000000000000000000000F0015500

RX: 	2021-11-22-10:38:05.084	APP0, 5AA62078008400D70000000500008500000000840000000000000001F00200

10:38:05.447 DataManager : addDiagnosisInfoResult: id--REF_WC--FREF_WC--FNONE--1
10:38:05.451 DataManager : addDiagnosisInfoResult: id--REF_WC--RREF_WC--RN-103--1
10:38:05.453 DataManager : addDiagnosisInfoResult: id--REF_WC--CVREF_WC--CVNONE--1
TX: 	2021-11-22-10:38:05.516	APP0, 5AA611000000000000000000000000000000000000000000000000F0011C00

RX: 	2021-11-22-10:38:05.582	APP0, 5AA61130000F00000000002A00381002000000000000000000000001F02300

TX: 	2021-11-22-10:38:05.789	APP0, 5AA511000000000000000000000000000000000000000000000000F0011F00

RX: 	2021-11-22-10:38:05.867	APP0, 5AA511008400CC005200000000000000000000000000FF3BA9000001F06800

TX: 	2021-11-22-10:38:06.076	APP0, 5AA701000000000000000000000000000000000000000000000000F0010D00

RX: 	2021-11-22-10:38:06.154	APP0, 5AA70100008400CC0000005200000000000000000000000000000001F01700

TX: 	2021-11-22-10:38:06.363	APP0, 5AA602000000000000000000000000000000000000000000000000F0010F00

RX: 	2021-11-22-10:38:06.430	APP0, 5AA60200000500000000000000000000000000000000000000000001F00A00

TX: 	2021-11-22-10:38:06.639	APP0, 5AA514000000000000000000000000000000000000000000000000F0011A00

RX: 	2021-11-22-10:38:06.705	APP0, 5AA51400000000000000000000000000000000000000000000000001F01A00

TX: 	2021-11-22-10:38:06.915	APP0, 5AA544000000000000000000000000000000000000000000000000F0014A00

RX: 	2021-11-22-10:38:06.994	APP0, 5AA54400000000000000000000000000000000000000000000000001F04A00

TX: 	2021-11-22-10:38:07.196	APP0, 5AA612000000000000000000000000000000000000000000000000F0011F00

RX: 	2021-11-22-10:38:07.262	APP0, 5AA61202383838000000000010000000000000000000000000000001F03500

TX: 	2021-11-22-10:38:07.470	APP0, 5AA561000000000000000000000000000000000000000000000000F0016F00

RX: 	2021-11-22-10:38:07.538	APP0, 5AA56100000000040000000000000000000000000000000000000001F06B00

TX: 	2021-11-22-10:38:07.746	APP0, 5AA621000000000000000000000000000000000000000000000000F0012C00

TX: 	2021-11-22-10:38:08.269	APP0, 5AA622000000000000000000000000000000000000000000000000F0012F00

TX: 	2021-11-22-10:38:08.794	APP0, 5AA505000000000000000000000000000000000000000000000000F0010B00

RX: 	2021-11-22-10:38:08.860	APP0, 5AA5053039414A344E414E4330313932384400000000000000000001F04900

TX: 	2021-11-22-10:38:09.073	APP0, 5AA611000000000000000000000000000000000000000000000000F0011C00

RX: 	2021-11-22-10:38:09.135	APP0, 5AA61130000F00000000002A00381002000000000000000000000001F02300

TX: 	2021-11-22-10:38:09.345	APP0, 5AA511000000000000000000000000000000000000000000000000F0011F00

RX: 	2021-11-22-10:38:09.424	APP0, 5AA511008400CC005200000000000000000000000000FF3BA9000001F06800

TX: 	2021-11-22-10:38:09.630	APP0, 5AA701000000000000000000000000000000000000000000000000F0010D00

RX: 	2021-11-22-10:38:09.708	APP0, 5AA70100008400CC0000005200000000000000000000000000000001F01700

TX: 	2021-11-22-10:38:09.916	APP0, 5AA602000000000000000000000000000000000000000000000000F0010F00

RX: 	2021-11-22-10:38:09.982	APP0, 5AA60200000500000000000000000000000000000000000000000001F00A00

TX: 	2021-11-22-10:38:10.193	APP0, 5AA514000000000000000000000000000000000000000000000000F0011A00

RX: 	2021-11-22-10:38:10.260	APP0, 5AA51400000000000000000000000000000000000000000000000001F01A00

TX: 	2021-11-22-10:38:10.470	APP0, 5AA544000000000000000000000000000000000000000000000000F0014A00

RX: 	2021-11-22-10:38:10.550	APP0, 5AA54400000000000000000000000000000000000000000000000001F04A00

TX: 	2021-11-22-10:38:10.755	APP0, 5AA612000000000000000000000000000000000000000000000000F0011F00

RX: 	2021-11-22-10:38:10.824	APP0, 5AA61202383838000000000010000000000000000000000000000001F03500

TX: 	2021-11-22-10:38:11.036	APP0, 5AA561000000000000000000000000000000000000000000000000F0016F00

RX: 	2021-11-22-10:38:11.106	APP0, 5AA56100000000040000000000000000000000000000000000000001F06B00

TX: 	2021-11-22-10:38:11.310	APP0, 5AA621000000000000000000000000000000000000000000000000F0012C00

TX: 	2021-11-22-10:38:11.818	APP0, 5AA622000000000000000000000000000000000000000000000000F0012F00

TX: 	2021-11-22-10:38:12.334	APP0, 5AA505000000000000000000000000000000000000000000000000F0010B00

RX: 	2021-11-22-10:38:12.400	APP0, 5AA5053039414A344E414E4330313932384400000000000000000001F04900

TX: 	2021-11-22-10:38:12.605	APP0, 5AA611000000000000000000000000000000000000000000000000F0011C00

RX: 	2021-11-22-10:38:12.671	APP0, 5AA61130000F00000000002A00381002000000000000000000000001F02300

TX: 	2021-11-22-10:38:12.879	APP0, 5AA511000000000000000000000000000000000000000000000000F0011F00

RX: 	2021-11-22-10:38:12.956	APP0, 5AA511008400CB005200000000000000000000000000FF3BA9000001F06F00

TX: 	2021-11-22-10:38:13.166	APP0, 5AA701000000000000000000000000000000000000000000000000F0010D00

RX: 	2021-11-22-10:38:13.245	APP0, 5AA70100008400CD0000005200000000000000000000000000000001F01600

TX: 	2021-11-22-10:38:13.455	APP0, 5AA602000000000000000000000000000000000000000000000000F0010F00

RX: 	2021-11-22-10:38:13.524	APP0, 5AA60200000500000000000000000000000000000000000000000001F00A00

TX: 	2021-11-22-10:38:13.731	APP0, 5AA514000000000000000000000000000000000000000000000000F0011A00

RX: 	2021-11-22-10:38:13.797	APP0, 5AA51400000000000000000000000000000000000000000000000001F01A00

TX: 	2021-11-22-10:38:14.005	APP0, 5AA544000000000000000000000000000000000000000000000000F0014A00

RX: 	2021-11-22-10:38:14.082	APP0, 5AA54400000000000000000000000000000000000000000000000001F04A00

TX: 	2021-11-22-10:38:14.290	APP0, 5AA612000000000000000000000000000000000000000000000000F0011F00

RX: 	2021-11-22-10:38:14.360	APP0, 5AA61202383838000000000010000000000000000000000000000001F03500

TX: 	2021-11-22-10:38:14.565	APP0, 5AA561000000000000000000000000000000000000000000000000F0016F00

RX: 	2021-11-22-10:38:14.631	APP0, 5AA56100000000040000000000000000000000000000000000000001F06B00

TX: 	2021-11-22-10:38:14.840	APP0, 5AA621000000000000000000000000000000000000000000000000F0012C00

TX: 	2021-11-22-10:38:15.348	APP0, 5AA622000000000000000000000000000000000000000000000000F0012F00

TX: 	2021-11-22-10:38:15.865	APP0, 5AA505000000000000000000000000000000000000000000000000F0010B00

RX: 	2021-11-22-10:38:15.932	APP0, 5AA5053039414A344E414E4330313932384400000000000000000001F04900

TX: 	2021-11-22-10:38:16.141	APP0, 5AA611000000000000000000000000000000000000000000000000F0011C00

RX: 	2021-11-22-10:38:16.211	APP0, 5AA61130000F00000000002A00381002000000000000000000000001F02300

TX: 	2021-11-22-10:38:16.418	APP0, 5AA511000000000000000000000000000000000000000000000000F0011F00

RX: 	2021-11-22-10:38:16.495	APP0, 5AA511008400CC005200000000000000000000000000FF3BA9000001F06800

TX: 	2021-11-22-10:38:16.703	APP0, 5AA701000000000000000000000000000000000000000000000000F0010D00

RX: 	2021-11-22-10:38:16.782	APP0, 5AA70100008400CD0000005200000000000000000000000000000001F01600

TX: 	2021-11-22-10:38:16.994	APP0, 5AA602000000000000000000000000000000000000000000000000F0010F00

RX: 	2021-11-22-10:38:17.061	APP0, 5AA60200000500000000000000000000000000000000000000000001F00A00

TX: 	2021-11-22-10:38:17.267	APP0, 5AA514000000000000000000000000000000000000000000000000F0011A00

RX: 	2021-11-22-10:38:17.334	APP0, 5AA51400000000000000000000000000000000000000000000000001F01A00

TX: 	2021-11-22-10:38:17.541	APP0, 5AA544000000000000000000000000000000000000000000000000F0014A00

RX: 	2021-11-22-10:38:17.619	APP0, 5AA54400000000000000000000000000000000000000000000000001F04A00

TX: 	2021-11-22-10:38:17.825	APP0, 5AA612000000000000000000000000000000000000000000000000F0011F00

RX: 	2021-11-22-10:38:17.894	APP0, 5AA61202383838000000000010000000000000000000000000000001F03500

TX: 	2021-11-22-10:38:18.105	APP0, 5AA561000000000000000000000000000000000000000000000000F0016F00

RX: 	2021-11-22-10:38:18.173	APP0, 5AA56100000000040000000000000000000000000000000000000001F06B00

TX: 	2021-11-22-10:38:18.378	APP0, 5AA621000000000000000000000000000000000000000000000000F0012C00

TX: 	2021-11-22-10:38:18.899	APP0, 5AA622000000000000000000000000000000000000000000000000F0012F00

TX: 	2021-11-22-10:38:19.406	APP0, 5AA505000000000000000000000000000000000000000000000000F0010B00

RX: 	2021-11-22-10:38:19.473	APP0, 5AA5053039414A344E414E4330313932384400000000000000000001F04900

10:38:19.571 lifeCycle : WeakCoolingDiagActivity onPause
10:38:19.602 lifeCycle : MainActivity onRestart
10:38:19.606 lifeCycle : MainActivity onStart
10:38:19.656 lifeCycle : MainActivity onResume
TX: 	2021-11-22-10:38:19.681	APP0, 5AA611000000000000000000000000000000000000000000000000F0011C00

10:38:19.738 lifeCycle : MainActivity onPause
RX: 	2021-11-22-10:38:19.750	APP0, 5AA61130000F00000000002A00381002000000000000000000000001F02300

10:38:19.796 lifeCycle : REFSelfDiagnosisActivity onCreate
10:38:19.925 lifeCycle : REFSelfDiagnosisActivity onStart
10:38:19.927 lifeCycle : REFSelfDiagnosisActivity onResume
TX: 	2021-11-22-10:38:19.957	APP0, 5AA511000000000000000000000000000000000000000000000000F0011F00

RX: 	2021-11-22-10:38:20.034	APP0, 5AA511008400CD005200000000000000000000000000FF3BA9000001F06900

10:38:20.049 lifeCycle : MainActivity onStop
TX: 	2021-11-22-10:38:20.242	APP0, 5AA701000000000000000000000000000000000000000000000000F0010D00

RX: 	2021-11-22-10:38:20.319	APP0, 5AA70100008400CB0000005200000000000000000000000000000001F01000

10:38:20.413 lifeCycle : WeakCoolingDiagActivity onStop
10:38:20.417 lifeCycle : WeakCoolingDiagActivity onDestroy
TX: 	2021-11-22-10:38:20.526	APP0, 5AA602000000000000000000000000000000000000000000000000F0010F00

RX: 	2021-11-22-10:38:20.596	APP0, 5AA60200000500000000000000000000000000000000000000000001F00A00

10:38:20.745 REFSelfDiagnosisActivity : onClick()::Overall checkup start
10:38:20.781 lifeCycle : REFSelfDiagnosisActivity onPause
TX: 	2021-11-22-10:38:20.801	APP0, 5AA514000000000000000000000000000000000000000000000000F0011A00

10:38:20.809 lifeCycle : REFErrorCodeDiagnosisActivity onCreate
10:38:20.846 lifeCycle : REFErrorCodeDiagnosisActivity onStart
10:38:20.848 lifeCycle : REFErrorCodeDiagnosisActivity onResume
RX: 	2021-11-22-10:38:20.869	APP0, 5AA51400000000000000000000000000000000000000000000000001F01A00

TX: 	2021-11-22-10:38:21.070	APP0, 5AA5FE000000000000000000000000000000000000000000000000F001F000

RX: 	2021-11-22-10:38:21.136	APP0, 5AA50300000000000000000000000000000000000000000000000001F00D00

TX: 	2021-11-22-10:38:21.193	APP0, 5AA544000000000000000000000000000000000000000000000000F0014A00

RX: 	2021-11-22-10:38:21.271	APP0, 5AA54400000000000000000000000000000000000000000000000001F04A00

10:38:21.339 lifeCycle : REFSelfDiagnosisActivity onStop
TX: 	2021-11-22-10:38:21.477	APP0, 5AA612000000000000000000000000000000000000000000000000F0011F00

RX: 	2021-11-22-10:38:21.546	APP0, 5AA61202383838000000000010000000000000000000000000000001F03500

TX: 	2021-11-22-10:38:21.752	APP0, 5AA561000000000000000000000000000000000000000000000000F0016F00

10:38:21.908 DataManager : addDiagnosisInfoResult: id--REF_SF--NONE--1
TX: 	2021-11-22-10:38:22.288	APP0, 5AA621000000000000000000000000000000000000000000000000F0012C00

TX: 	2021-11-22-10:38:22.824	APP0, 5AA622000000000000000000000000000000000000000000000000F0012F00

TX: 	2021-11-22-10:38:23.351	APP0, 5AA505000000000000000000000000000000000000000000000000F0010B00

TX: 	2021-11-22-10:38:23.871	APP0, 5AA611000000000000000000000000000000000000000000000000F0011C00

TX: 	2021-11-22-10:38:24.397	APP0, 5AA511000000000000000000000000000000000000000000000000F0011F00

TX: 	2021-11-22-10:38:24.913	APP0, 5AA701000000000000000000000000000000000000000000000000F0010D00

TX: 	2021-11-22-10:38:25.438	APP0, 5AA602000000000000000000000000000000000000000000000000F0010F00

TX: 	2021-11-22-10:38:25.973	APP0, 5AA514000000000000000000000000000000000000000000000000F0011A00

TX: 	2021-11-22-10:38:26.502	APP0, 5AA544000000000000000000000000000000000000000000000000F0014A00

TX: 	2021-11-22-10:38:27.057	APP0, 5AA612000000000000000000000000000000000000000000000000F0011F00

RX: 	2021-11-22-10:38:27.422	APP0, 5AA70100008400CC0000005200000000000000000000000000000001F01700

TX: 	2021-11-22-10:38:27.579	APP0, 5AA561000000000000000000000000000000000000000000000000F0016F00

RX: 	2021-11-22-10:38:27.650	APP0, 5AA56100000000030000000000000000000000000000000000000001F06C00

TX: 	2021-11-22-10:38:27.861	APP0, 5AA621000000000000000000000000000000000000000000000000F0012C00

TX: 	2021-11-22-10:38:28.383	APP0, 5AA622000000000000000000000000000000000000000000000000F0012F00

TX: 	2021-11-22-10:38:28.906	APP0, 5AA505000000000000000000000000000000000000000000000000F0010B00

RX: 	2021-11-22-10:38:28.974	APP0, 5AA5053039414A344E414E4330313932384400000000000000000001F04900

TX: 	2021-11-22-10:38:29.177	APP0, 5AA611000000000000000000000000000000000000000000000000F0011C00

RX: 	2021-11-22-10:38:29.244	APP0, 5AA61130000F00000000002A00381002000000000000000000000001F02300

TX: 	2021-11-22-10:38:29.454	APP0, 5AA511000000000000000000000000000000000000000000000000F0011F00

RX: 	2021-11-22-10:38:29.533	APP0, 5AA511008400CC0052000000000000000000000000000000CC000001F0C900

TX: 	2021-11-22-10:38:29.745	APP0, 5AA701000000000000000000000000000000000000000000000000F0010D00

RX: 	2021-11-22-10:38:29.825	APP0, 5AA70100008400CD0000005200000000000000000000000000000001F01600

TX: 	2021-11-22-10:38:30.037	APP0, 5AA602000000000000000000000000000000000000000000000000F0010F00

RX: 	2021-11-22-10:38:30.106	APP0, 5AA60200000000000000000000000000000000000000000000000001F00F00

TX: 	2021-11-22-10:38:30.327	APP0, 5AA514000000000000000000000000000000000000000000000000F0011A00

RX: 	2021-11-22-10:38:30.396	APP0, 5AA51400000000000000000000000000000000000000000000000001F01A00

TX: 	2021-11-22-10:38:30.602	APP0, 5AA544000000000000000000000000000000000000000000000000F0014A00

RX: 	2021-11-22-10:38:30.680	APP0, 5AA54400000000000000000000000000000000000000000000000001F04A00

TX: 	2021-11-22-10:38:30.884	APP0, 5AA612000000000000000000000000000000000000000000000000F0011F00

RX: 	2021-11-22-10:38:30.950	APP0, 5AA6120600000000000000FFFF000000000000000000000000000001F01900

TX: 	2021-11-22-10:38:31.157	APP0, 5AA561000000000000000000000000000000000000000000000000F0016F00

RX: 	2021-11-22-10:38:31.226	APP0, 5AA56100000000030000000000000000000000000000000000000001F06C00

TX: 	2021-11-22-10:38:31.438	APP0, 5AA621000000000000000000000000000000000000000000000000F0012C00

TX: 	2021-11-22-10:38:31.961	APP0, 5AA622000000000000000000000000000000000000000000000000F0012F00

TX: 	2021-11-22-10:38:32.481	APP0, 5AA505000000000000000000000000000000000000000000000000F0010B00

RX: 	2021-11-22-10:38:32.546	APP0, 5AA5053039414A344E414E4330313932384400000000000000000001F04900

TX: 	2021-11-22-10:38:32.757	APP0, 5AA611000000000000000000000000000000000000000000000000F0011C00

RX: 	2021-11-22-10:38:32.824	APP0, 5AA61130000F00000000002A00381002000000000000000000000001F02300

TX: 	2021-11-22-10:38:33.033	APP0, 5AA511000000000000000000000000000000000000000000000000F0011F00

RX: 	2021-11-22-10:38:33.110	APP0, 5AA511008400CD0052000000000000000000000000000002CB000001F0CD00

TX: 	2021-11-22-10:38:33.322	APP0, 5AA701000000000000000000000000000000000000000000000000F0010D00

RX: 	2021-11-22-10:38:33.398	APP0, 5AA70100008400CC0000005200000000000000000000000000000001F01700

TX: 	2021-11-22-10:38:33.604	APP0, 5AA602000000000000000000000000000000000000000000000000F0010F00

RX: 	2021-11-22-10:38:33.669	APP0, 5AA60200000000000000000000000000000000000000000000000001F00F00

TX: 	2021-11-22-10:38:33.879	APP0, 5AA514000000000000000000000000000000000000000000000000F0011A00

RX: 	2021-11-22-10:38:33.943	APP0, 5AA51400000000000000000000000000000000000000000000000001F01A00

TX: 	2021-11-22-10:38:34.158	APP0, 5AA544000000000000000000000000000000000000000000000000F0014A00

RX: 	2021-11-22-10:38:34.237	APP0, 5AA54400000000000000000000000000000000000000000000000001F04A00

TX: 	2021-11-22-10:38:34.441	APP0, 5AA612000000000000000000000000000000000000000000000000F0011F00

RX: 	2021-11-22-10:38:34.509	APP0, 5AA61206001C2B00000000FFFF000000000000000000000000000001F02E00

TX: 	2021-11-22-10:38:34.722	APP0, 5AA561000000000000000000000000000000000000000000000000F0016F00

RX: 	2021-11-22-10:38:34.791	APP0, 5AA56100000000030000000000000000000000000000000000000001F06C00

TX: 	2021-11-22-10:38:34.998	APP0, 5AA621000000000000000000000000000000000000000000000000F0012C00

TX: 	2021-11-22-10:38:35.550	APP0, 5AA622000000000000000000000000000000000000000000000000F0012F00

TX: 	2021-11-22-10:38:36.067	APP0, 5AA505000000000000000000000000000000000000000000000000F0010B00

RX: 	2021-11-22-10:38:36.134	APP0, 5AA5053039414A344E414E4330313932384400000000000000000001F04900

TX: 	2021-11-22-10:38:36.346	APP0, 5AA611000000000000000000000000000000000000000000000000F0011C00

RX: 	2021-11-22-10:38:36.413	APP0, 5AA61130000F00000000002A00381002000000000000000000000001F02300

TX: 	2021-11-22-10:38:36.623	APP0, 5AA511000000000000000000000000000000000000000000000000F0011F00

RX: 	2021-11-22-10:38:36.701	APP0, 5AA511008500CC0052000000000000000000000000000006CB000001F0C900

TX: 	2021-11-22-10:38:36.909	APP0, 5AA701000000000000000000000000000000000000000000000000F0010D00

RX: 	2021-11-22-10:38:36.986	APP0, 5AA70100008500CD0000005200000000000000000000000000000001F01700

TX: 	2021-11-22-10:38:37.195	APP0, 5AA602000000000000000000000000000000000000000000000000F0010F00

RX: 	2021-11-22-10:38:37.262	APP0, 5AA60200000000000000000000000000000000000000000000000001F00F00

TX: 	2021-11-22-10:38:37.471	APP0, 5AA514000000000000000000000000000000000000000000000000F0011A00

RX: 	2021-11-22-10:38:37.538	APP0, 5AA51400000000000000000000000000000000000000000000000001F01A00

TX: 	2021-11-22-10:38:37.745	APP0, 5AA544000000000000000000000000000000000000000000000000F0014A00

RX: 	2021-11-22-10:38:37.822	APP0, 5AA54400000000000000000000000000000000000000000000000001F04A00

TX: 	2021-11-22-10:38:38.030	APP0, 5AA612000000000000000000000000000000000000000000000000F0011F00

RX: 	2021-11-22-10:38:38.097	APP0, 5AA61206001C1D00000000FFFF000000000000000000000000000001F01800

TX: 	2021-11-22-10:38:38.305	APP0, 5AA561000000000000000000000000000000000000000000000000F0016F00

RX: 	2021-11-22-10:38:38.372	APP0, 5AA56100000000030000000000000000000000000000000000000001F06C00

TX: 	2021-11-22-10:38:38.580	APP0, 5AA621000000000000000000000000000000000000000000000000F0012C00

TX: 	2021-11-22-10:38:39.090	APP0, 5AA622000000000000000000000000000000000000000000000000F0012F00

TX: 	2021-11-22-10:38:39.602	APP0, 5AA505000000000000000000000000000000000000000000000000F0010B00

RX: 	2021-11-22-10:38:39.670	APP0, 5AA5053039414A344E414E4330313932384400000000000000000001F04900

TX: 	2021-11-22-10:38:39.881	APP0, 5AA611000000000000000000000000000000000000000000000000F0011C00

RX: 	2021-11-22-10:38:39.947	APP0, 5AA61130000F00000000002A00381002000000000000000000000001F02300

TX: 	2021-11-22-10:38:40.158	APP0, 5AA511000000000000000000000000000000000000000000000000F0011F00

RX: 	2021-11-22-10:38:40.237	APP0, 5AA511008500CD0052000000000000000000000000000009CB000001F0C700

TX: 	2021-11-22-10:38:40.446	APP0, 5AA701000000000000000000000000000000000000000000000000F0010D00

RX: 	2021-11-22-10:38:40.522	APP0, 5AA70100008400CD0000005200000000000000000000000000000001F01600

TX: 	2021-11-22-10:38:40.730	APP0, 5AA602000000000000000000000000000000000000000000000000F0010F00

RX: 	2021-11-22-10:38:40.797	APP0, 5AA60200000000000000000000000000000000000000000000000001F00F00

TX: 	2021-11-22-10:38:41.006	APP0, 5AA514000000000000000000000000000000000000000000000000F0011A00

RX: 	2021-11-22-10:38:41.072	APP0, 5AA51400000000000000000000000000000000000000000000000001F01A00

TX: 	2021-11-22-10:38:41.283	APP0, 5AA544000000000000000000000000000000000000000000000000F0014A00

RX: 	2021-11-22-10:38:41.360	APP0, 5AA54400000000000000000000000000000000000000000000000001F04A00

10:38:41.410 lifeCycle : REFErrorCodeDiagnosisActivity Finish
10:38:41.413 lifeCycle : REFErrorCodeDiagnosisActivity onPause
10:38:41.427 lifeCycle : REFSelfDiagnosisActivity onRestart
10:38:41.431 lifeCycle : REFSelfDiagnosisActivity onStart
10:38:41.439 lifeCycle : REFSelfDiagnosisActivity onResume
TX: 	2021-11-22-10:38:41.568	APP0, 5AA612000000000000000000000000000000000000000000000000F0011F00

RX: 	2021-11-22-10:38:41.638	APP0, 5AA6120100001400000000FFFF000000000000000000000000000001F00A00

TX: 	2021-11-22-10:38:41.841	APP0, 5AA561000000000000000000000000000000000000000000000000F0016F00

RX: 	2021-11-22-10:38:41.910	APP0, 5AA56100000000030000000000000000000000000000000000000001F06C00

10:38:41.943 lifeCycle : REFErrorCodeDiagnosisActivity onStop
10:38:41.945 lifeCycle : REFErrorCodeDiagnosisActivity onDestroy
TX: 	2021-11-22-10:38:42.117	APP0, 5AA621000000000000000000000000000000000000000000000000F0012C00

TX: 	2021-11-22-10:38:42.638	APP0, 5AA622000000000000000000000000000000000000000000000000F0012F00

TX: 	2021-11-22-10:38:43.158	APP0, 5AA505000000000000000000000000000000000000000000000000F0010B00

RX: 	2021-11-22-10:38:43.226	APP0, 5AA5053039414A344E414E4330313932384400000000000000000001F04900

TX: 	2021-11-22-10:38:43.435	APP0, 5AA611000000000000000000000000000000000000000000000000F0011C00

RX: 	2021-11-22-10:38:43.501	APP0, 5AA61130000F00000000002A00381002000000000000000000000001F02300

TX: 	2021-11-22-10:38:43.712	APP0, 5AA511000000000000000000000000000000000000000000000000F0011F00

RX: 	2021-11-22-10:38:43.788	APP0, 5AA511008500CD005200000000000000000000000000000DCB000001F0C300

TX: 	2021-11-22-10:38:44.000	APP0, 5AA701000000000000000000000000000000000000000000000000F0010D00

RX: 	2021-11-22-10:38:44.076	APP0, 5AA70100008400CC0000005200000000000000000000000000000001F01700

TX: 	2021-11-22-10:38:44.287	APP0, 5AA602000000000000000000000000000000000000000000000000F0010F00

RX: 	2021-11-22-10:38:44.354	APP0, 5AA60200000000000000000000000000000000000000000000000001F00F00

TX: 	2021-11-22-10:38:44.565	APP0, 5AA514000000000000000000000000000000000000000000000000F0011A00

RX: 	2021-11-22-10:38:44.632	APP0, 5AA51400000000000000000000000000000000000000000000000001F01A00

TX: 	2021-11-22-10:38:44.842	APP0, 5AA544000000000000000000000000000000000000000000000000F0014A00

RX: 	2021-11-22-10:38:44.921	APP0, 5AA54400000000000000000000000000000000000000000000000001F04A00

TX: 	2021-11-22-10:38:45.135	APP0, 5AA612000000000000000000000000000000000000000000000000F0011F00

RX: 	2021-11-22-10:38:45.201	APP0, 5AA6120100001400000000FFFF000000000000000000000000000001F00A00

TX: 	2021-11-22-10:38:45.413	APP0, 5AA561000000000000000000000000000000000000000000000000F0016F00

RX: 	2021-11-22-10:38:45.482	APP0, 5AA56100000000030000000000000000000000000000000000000001F06C00

TX: 	2021-11-22-10:38:45.686	APP0, 5AA621000000000000000000000000000000000000000000000000F0012C00

TX: 	2021-11-22-10:38:46.204	APP0, 5AA622000000000000000000000000000000000000000000000000F0012F00

TX: 	2021-11-22-10:38:46.729	APP0, 5AA505000000000000000000000000000000000000000000000000F0010B00

RX: 	2021-11-22-10:38:46.797	APP0, 5AA5053039414A344E414E4330313932384400000000000000000001F04900

TX: 	2021-11-22-10:38:47.005	APP0, 5AA611000000000000000000000000000000000000000000000000F0011C00

RX: 	2021-11-22-10:38:47.074	APP0, 5AA61130000F00000000002A00381002000000000000000000000001F02300

TX: 	2021-11-22-10:38:47.276	APP0, 5AA511000000000000000000000000000000000000000000000000F0011F00

RX: 	2021-11-22-10:38:47.356	APP0, 5AA511008500CE0052000000000000000000000000000010CB000001F0DD00

TX: 	2021-11-22-10:38:47.562	APP0, 5AA701000000000000000000000000000000000000000000000000F0010D00

RX: 	2021-11-22-10:38:47.642	APP0, 5AA70100008500CD0000005200000000000000000000000000000001F01700

TX: 	2021-11-22-10:38:47.850	APP0, 5AA602000000000000000000000000000000000000000000000000F0010F00

RX: 	2021-11-22-10:38:47.916	APP0, 5AA60200000000000000000000000000000000000000000000000001F00F00

TX: 	2021-11-22-10:38:48.127	APP0, 5AA514000000000000000000000000000000000000000000000000F0011A00

RX: 	2021-11-22-10:38:48.194	APP0, 5AA51400000000000000000000000000000000000000000000000001F01A00

10:38:48.245 lifeCycle : REFSelfDiagnosisActivity Finish
10:38:48.250 lifeCycle : REFSelfDiagnosisActivity onPause
10:38:48.266 lifeCycle : MainActivity onRestart
10:38:48.271 lifeCycle : MainActivity onStart
10:38:48.273 lifeCycle : MainActivity onResume
TX: 	2021-11-22-10:38:48.400	APP0, 5AA544000000000000000000000000000000000000000000000000F0014A00

RX: 	2021-11-22-10:38:48.478	APP0, 5AA54400000000000000000000000000000000000000000000000001F04A00

TX: 	2021-11-22-10:38:48.684	APP0, 5AA612000000000000000000000000000000000000000000000000F0011F00

RX: 	2021-11-22-10:38:48.751	APP0, 5AA6120100001400000000FFFF000000000000000000000000000001F00A00

10:38:48.773 lifeCycle : REFSelfDiagnosisActivity onStop
10:38:48.778 lifeCycle : REFSelfDiagnosisActivity onDestroy
TX: 	2021-11-22-10:38:48.958	APP0, 5AA561000000000000000000000000000000000000000000000000F0016F00

RX: 	2021-11-22-10:38:49.025	APP0, 5AA56100000000030000000000000000000000000000000000000001F06C00

TX: 	2021-11-22-10:38:49.234	APP0, 5AA621000000000000000000000000000000000000000000000000F0012C00

TX: 	2021-11-22-10:38:49.742	APP0, 5AA622000000000000000000000000000000000000000000000000F0012F00

TX: 	2021-11-22-10:38:50.261	APP0, 5AA505000000000000000000000000000000000000000000000000F0010B00

RX: 	2021-11-22-10:38:50.328	APP0, 5AA5053039414A344E414E4330313932384400000000000000000001F04900

TX: 	2021-11-22-10:38:50.535	APP0, 5AA611000000000000000000000000000000000000000000000000F0011C00

RX: 	2021-11-22-10:38:50.602	APP0, 5AA61130000F00000000002A00381002000000000000000000000001F02300

TX: 	2021-11-22-10:38:50.813	APP0, 5AA511000000000000000000000000000000000000000000000000F0011F00

RX: 	2021-11-22-10:38:50.891	APP0, 5AA511008500CE0052000000000000000000000000000014CB000001F0D900

10:38:50.977 DataManager : getProductResultItem() start
10:38:51.007 ReportUtils : Report json:{"diagnosis_information":[{"comment":"F--1","error_code":"FNONE","result":1,"start_time":"2021-11-22 10:37:30","type_id":"REF_WC"},{"comment":"R--1","error_code":"RN-103","result":1,"start_time":"2021-11-22 10:37:30","type_id":"REF_WC"},{"comment":"","error_code":"NONE","result":1,"start_time":"2021-11-22 10:38:20","type_id":"REF_SF"},{"comment":"CV--1","error_code":"CVNONE","result":1,"start_time":"2021-11-22 10:37:30","type_id":"REF_WC"}],"micom_update_result":[],"product_information":[{"seq":1,"model_nm":"RB30N4170BY/SV","recent_log":"N/A","serial_no_1":"09AJ4NANC01928D","type":"BMF"}],"reception_information":{"app_version":"V1.21.14","center_code":"1799155","complete":0,"device_model":"SM-G960F","end_date":"2021-11-22 03:38:50","mobile_history":"","android_ver":"10","product":"REF","receipt_no":"AE2111220337072989","area":"VN","start_date":"2021-11-22 03:37:07","ticket_no":"AE2111220337072989","try_count":"0 : []","connection_type":1,"receipt_type":1,"user_id":"8586030199","user_type":"GLOBAL_GEN"}}
TX: 	2021-11-22-10:37:09.690	APP0, 5AA611000000000000000000000000000000000000000000000000F0011C00

RX: 	2021-11-22-10:37:09.758	APP0, 5AA61130000F00000000002A00381002000000000000000000000001F02300

TX: 	2021-11-22-10:37:09.965	APP0, 5AA530000000000000000000000000000000000000000000000000F0013E00

RX: 	2021-11-22-10:37:10.032	APP0, 5AA530CC610700080000000000000000000000000000000000000001F09C00

TX: 	2021-11-22-10:37:10.242	APP0, 5AA506000000000000000000000000000000000000000000000000F0010800

RX: 	2021-11-22-10:37:10.309	APP0, 5AA50600110041200909070000000000000000000000000000000001F07F00

TX: 	2021-11-22-10:37:10.515	APP0, 5AA610000000000000000000000000000000000000000000000000F0011D00

RX: 	2021-11-22-10:37:10.581	APP0, 5AA610010000000000070F0400020000000000030000000001010001F01100

10:37:10.775 lifeCycle : ProductSelectActivity onPause
10:37:10.796 lifeCycle : MainActivity onCreate
TX: 	2021-11-22-10:37:11.019	APP0, 5AA611000000000000000000000000000000000000000000000000F0011C00

10:37:11.020 lifeCycle : MainActivity onStart
10:37:11.022 lifeCycle : MainActivity onResume
TX: 	2021-11-22-10:37:11.020	APP0, 5AA505000000000000000000000000000000000000000000000000F0010B00

RX: 	2021-11-22-10:37:11.085	APP0, 5AA61130000F00000000002A00381002000000000000000000000001F02300

RX: 	2021-11-22-10:37:11.119	APP0, 5AA5053039414A344E414E4330313932384400000000000000000001F04900

TX: 	2021-11-22-10:37:11.292	APP0, 5AA530000000000000000000000000000000000000000000000000F0013E00

TX: 	2021-11-22-10:37:11.326	APP0, 5AA610000000000000000000000000000000000000000000000000F0011D00

RX: 	2021-11-22-10:37:11.362	APP0, 5AA530CC610700080000000000000000000000000000000000000001F09C00

10:37:11.562 lifeCycle : ProductSelectActivity onStop
TX: 	2021-11-22-10:37:11.566	APP0, 5AA506000000000000000000000000000000000000000000000000F0010800

RX: 	2021-11-22-10:37:11.636	APP0, 5AA50600110041200909070000000000000000000000000000000001F07F00

TX: 	2021-11-22-10:37:11.833	APP0, 5AA610000000000000000000000000000000000000000000000000F0011D00

TX: 	2021-11-22-10:37:11.842	APP0, 5AA610000000000000000000000000000000000000000000000000F0011D00

RX: 	2021-11-22-10:37:11.903	APP0, 5AA610010000000000070F0400020000000000030000000001010001F01100

TX: 	2021-11-22-10:37:12.080	APP0, 5AA603000000000000000000000000000000000000000000000000F0010E00

TX: 	2021-11-22-10:37:12.113	APP0, 5AA530000000000000000000000000000000000000000000000000F0013E00

RX: 	2021-11-22-10:37:12.145	APP0, 5AA6034855524852F00601F0061F4779ECF000000000000000000001F06700

RX: 	2021-11-22-10:37:12.183	APP0, 5AA530CC610700080000000000000000000000000000000000000001F09C00

TX: 	2021-11-22-10:37:12.358	APP0, 5AA610000000000000000000000000000000000000000000000000F0011D00

TX: 	2021-11-22-10:37:12.389	APP0, 5AA506000000000000000000000000000000000000000000000000F0010800

RX: 	2021-11-22-10:37:12.423	APP0, 5AA610010000000000070F0400020000000000030000000001010001F01100

RX: 	2021-11-22-10:37:12.457	APP0, 5AA50600110041200909070000000000000000000000000000000001F07F00

TX: 	2021-11-22-10:37:12.747	APP0, 5AA611000000000000000000000000000000000000000000000000F0011C00

TX: 	2021-11-22-10:37:12.753	APP0, 5AA611000000000000000000000000000000000000000000000000F0011C00

RX: 	2021-11-22-10:37:12.820	APP0, 5AA61130000F00000000002A00381002000000000000000000000001F02300

RX: 	2021-11-22-10:37:12.848	APP0, 5AA61130000F00000000002A00381002000000000000000000000001F02300

TX: 	2021-11-22-10:37:12.899	APP0, 5AA611000000000000000000000000000000000000000000000000F0011C00

RX: 	2021-11-22-10:37:12.966	APP0, 5AA61130000F00000000002A00381002000000000000000000000001F02300

TX: 	2021-11-22-10:37:13.027	APP0, 5AA511000000000000000000000000000000000000000000000000F0011F00

RX: 	2021-11-22-10:37:13.104	APP0, 5AA511008400CD005200000000000000000000000000FF3BA9000001F06900

TX: 	2021-11-22-10:37:13.186	APP0, 5AA612000000000000000000000000000000000000000000000000F0011F00

RX: 	2021-11-22-10:37:13.256	APP0, 5AA61202383838000000000010000000000000000000000000000001F03500

TX: 	2021-11-22-10:37:13.318	APP0, 5AA701000000000000000000000000000000000000000000000000F0010D00

RX: 	2021-11-22-10:37:13.395	APP0, 5AA70100008400CB0000005200000000000000000000000000000001F01000

TX: 	2021-11-22-10:37:13.468	APP0, 5AA613000000000000000000000000000000000000000000000000F0011E00

RX: 	2021-11-22-10:37:13.534	APP0, 5AA61301404002000000000000000000000000000000000000000001F01D00

TX: 	2021-11-22-10:37:13.606	APP0, 5AA602000000000000000000000000000000000000000000000000F0010F00

RX: 	2021-11-22-10:37:13.673	APP0, 5AA60200000500000000000000000000000000000000000000000001F00A00

TX: 	2021-11-22-10:37:13.874	APP0, 5AA611000000000000000000000000000000000000000000000000F0011C00

TX: 	2021-11-22-10:37:13.879	APP0, 5AA611000000000000000000000000000000000000000000000000F0011C00

RX: 	2021-11-22-10:37:13.942	APP0, 5AA61130000F00000000002A00381002000000000000000000000001F02300

RX: 	2021-11-22-10:37:13.974	APP0, 5AA61130000F00000000002A00381002000000000000000000000001F02300

TX: 	2021-11-22-10:37:14.145	APP0, 5AA511000000000000000000000000000000000000000000000000F0011F00

RX: 	2021-11-22-10:37:14.225	APP0, 5AA511008400CD005200000000000000000000000000FF3BA9000001F06900

TX: 	2021-11-22-10:37:14.435	APP0, 5AA701000000000000000000000000000000000000000000000000F0010D00

RX: 	2021-11-22-10:37:14.512	APP0, 5AA70100008400CC0000005200000000000000000000000000000001F01700

TX: 	2021-11-22-10:37:14.719	APP0, 5AA602000000000000000000000000000000000000000000000000F0010F00

RX: 	2021-11-22-10:37:14.786	APP0, 5AA60200000500000000000000000000000000000000000000000001F00A00

TX: 	2021-11-22-10:37:14.994	APP0, 5AA514000000000000000000000000000000000000000000000000F0011A00

RX: 	2021-11-22-10:37:15.061	APP0, 5AA51400000000000000000000000000000000000000000000000001F01A00

TX: 	2021-11-22-10:37:15.269	APP0, 5AA544000000000000000000000000000000000000000000000000F0014A00

RX: 	2021-11-22-10:37:15.347	APP0, 5AA54400000000000000000000000000000000000000000000000001F04A00

TX: 	2021-11-22-10:37:15.555	APP0, 5AA612000000000000000000000000000000000000000000000000F0011F00

RX: 	2021-11-22-10:37:15.624	APP0, 5AA61202383838000000000010000000000000000000000000000001F03500

TX: 	2021-11-22-10:37:15.829	APP0, 5AA561000000000000000000000000000000000000000000000000F0016F00

RX: 	2021-11-22-10:37:15.895	APP0, 5AA56100000000040000000000000000000000000000000000000001F06B00

TX: 	2021-11-22-10:37:16.103	APP0, 5AA621000000000000000000000000000000000000000000000000F0012C00

TX: 	2021-11-22-10:37:16.611	APP0, 5AA622000000000000000000000000000000000000000000000000F0012F00

TX: 	2021-11-22-10:37:17.120	APP0, 5AA505000000000000000000000000000000000000000000000000F0010B00

RX: 	2021-11-22-10:37:17.187	APP0, 5AA5053039414A344E414E4330313932384400000000000000000001F04900

TX: 	2021-11-22-10:37:17.396	APP0, 5AA611000000000000000000000000000000000000000000000000F0011C00

RX: 	2021-11-22-10:37:17.464	APP0, 5AA61130000F00000000002A00381002000000000000000000000001F02300

TX: 	2021-11-22-10:37:17.670	APP0, 5AA511000000000000000000000000000000000000000000000000F0011F00

RX: 	2021-11-22-10:37:17.747	APP0, 5AA511008400CC005200000000000000000000000000FF3BA9000001F06800

TX: 	2021-11-22-10:37:17.953	APP0, 5AA701000000000000000000000000000000000000000000000000F0010D00

RX: 	2021-11-22-10:37:18.031	APP0, 5AA70100008400CC0000005200000000000000000000000000000001F01700

TX: 	2021-11-22-10:37:18.237	APP0, 5AA602000000000000000000000000000000000000000000000000F0010F00

RX: 	2021-11-22-10:37:18.304	APP0, 5AA60200000500000000000000000000000000000000000000000001F00A00

TX: 	2021-11-22-10:37:18.514	APP0, 5AA514000000000000000000000000000000000000000000000000F0011A00

RX: 	2021-11-22-10:37:18.581	APP0, 5AA51400000000000000000000000000000000000000000000000001F01A00

TX: 	2021-11-22-10:37:18.789	APP0, 5AA544000000000000000000000000000000000000000000000000F0014A00

RX: 	2021-11-22-10:37:18.867	APP0, 5AA54400000000000000000000000000000000000000000000000001F04A00

TX: 	2021-11-22-10:37:19.073	APP0, 5AA612000000000000000000000000000000000000000000000000F0011F00

RX: 	2021-11-22-10:37:19.141	APP0, 5AA61202383838000000000010000000000000000000000000000001F03500

TX: 	2021-11-22-10:37:19.347	APP0, 5AA561000000000000000000000000000000000000000000000000F0016F00

RX: 	2021-11-22-10:37:19.415	APP0, 5AA56100000000040000000000000000000000000000000000000001F06B00

TX: 	2021-11-22-10:37:19.626	APP0, 5AA621000000000000000000000000000000000000000000000000F0012C00

10:37:19.935 lifeCycle : MainActivity onPause
10:37:19.969 lifeCycle : RepairGuideActivity onCreate
10:37:20.110 lifeCycle : RepairGuideActivity onStart
10:37:20.112 lifeCycle : RepairGuideActivity onResume
TX: 	2021-11-22-10:37:20.138	APP0, 5AA622000000000000000000000000000000000000000000000000F0012F00

10:37:20.473 UPLOADER : Response:200
10:37:20.475 UPLOADER : response data:{"result":"success","data":[{"productCode":"REF","errorCode":"C72","symtom":"L?i nhi?t ?? ng?n mát  b?t th??ng.","cause":"Khi nhi?t ?? ng?n mát cao b?t th??ng ho?c c?a t? ng?n mát m? trong kho?ng th?i gian xác ??nh và nhi?t ?? trong ng?n mát t?ng lên. b?ng ?i?u khi?n hi?n th? và nh?p nháy.","actionGuide":"1. Ki?m tra rò r? gas.\r\n2. Ki?m tra xem c?a có m? ???c lâu không.\r\n3. Ki?m tra n?u th?c ?n nóng ???c l?u tr?.\r\n4. Ki?m tra t?i làm mát c?a phòng liên quan. (Máy nén / Qu?t) -Xem Ph??ng pháp s?a l?i C22. ","techTip1":null,"techTip2":null,"techTip3":null,"techTip4":null,"techTip5":null}]}
TX: 	2021-11-22-10:37:20.552	APP0, 5AA611000000000000000000000000000000000000000000000000F0011C00

10:37:20.599 lifeCycle : MainActivity onStop
RX: 	2021-11-22-10:37:20.620	APP0, 5AA61130000F00000000002A00381002000000000000000000000001F02300

TX: 	2021-11-22-10:37:20.825	APP0, 5AA530000000000000000000000000000000000000000000000000F0013E00

RX: 	2021-11-22-10:37:20.893	APP0, 5AA530CC610700080000000000000000000000000000000000000001F09C00

TX: 	2021-11-22-10:37:21.100	APP0, 5AA506000000000000000000000000000000000000000000000000F0010800

RX: 	2021-11-22-10:37:21.166	APP0, 5AA50600110041200909070000000000000000000000000000000001F07F00

TX: 	2021-11-22-10:37:21.376	APP0, 5AA610000000000000000000000000000000000000000000000000F0011D00

RX: 	2021-11-22-10:37:21.444	APP0, 5AA610010000000000070F0400020000000000030000000001010001F01100

TX: 	2021-11-22-10:37:21.653	APP0, 5AA611000000000000000000000000000000000000000000000000F0011C00

RX: 	2021-11-22-10:37:21.721	APP0, 5AA61130000F00000000002A00381002000000000000000000000001F02300

TX: 	2021-11-22-10:37:21.931	APP0, 5AA612000000000000000000000000000000000000000000000000F0011F00

RX: 	2021-11-22-10:37:21.996	APP0, 5AA61202383838000000000010000000000000000000000000000001F03500

TX: 	2021-11-22-10:37:22.202	APP0, 5AA613000000000000000000000000000000000000000000000000F0011E00

RX: 	2021-11-22-10:37:22.268	APP0, 5AA61301404002000000000000000000000000000000000000000001F01D00

TX: 	2021-11-22-10:37:22.477	APP0, 5AA505000000000000000000000000000000000000000000000000F0010B00

RX: 	2021-11-22-10:37:22.544	APP0, 5AA5053039414A344E414E4330313932384400000000000000000001F04900

TX: 	2021-11-22-10:37:22.753	APP0, 5AA511000000000000000000000000000000000000000000000000F0011F00

RX: 	2021-11-22-10:37:22.831	APP0, 5AA511008400CC005200000000000000000000000000FF3BA9000001F06800

TX: 	2021-11-22-10:37:23.042	APP0, 5AA701000000000000000000000000000000000000000000000000F0010D00

RX: 	2021-11-22-10:37:23.119	APP0, 5AA70100008400CC0000005200000000000000000000000000000001F01700

TX: 	2021-11-22-10:37:23.337	APP0, 5AA602000000000000000000000000000000000000000000000000F0010F00

RX: 	2021-11-22-10:37:23.393	APP0, 5AA60200000500000000000000000000000000000000000000000001F00A00

TX: 	2021-11-22-10:37:23.602	APP0, 5AA514000000000000000000000000000000000000000000000000F0011A00

RX: 	2021-11-22-10:37:23.669	APP0, 5AA51400000000000000000000000000000000000000000000000001F01A00

TX: 	2021-11-22-10:37:23.875	APP0, 5AA544000000000000000000000000000000000000000000000000F0014A00

RX: 	2021-11-22-10:37:23.952	APP0, 5AA54400000000000000000000000000000000000000000000000001F04A00

TX: 	2021-11-22-10:37:24.158	APP0, 5AA612000000000000000000000000000000000000000000000000F0011F00

RX: 	2021-11-22-10:37:24.226	APP0, 5AA61202383838000000000010000000000000000000000000000001F03500

10:37:24.309 lifeCycle : RepairGuideActivity Finish
10:37:24.312 lifeCycle : RepairGuideActivity onPause
10:37:24.325 lifeCycle : MainActivity onRestart
10:37:24.330 lifeCycle : MainActivity onStart
10:37:24.337 lifeCycle : MainActivity onResume
TX: 	2021-11-22-10:37:24.428	APP0, 5AA561000000000000000000000000000000000000000000000000F0016F00

RX: 	2021-11-22-10:37:24.494	APP0, 5AA56100000000040000000000000000000000000000000000000001F06B00

TX: 	2021-11-22-10:37:24.701	APP0, 5AA621000000000000000000000000000000000000000000000000F0012C00

10:37:24.794 lifeCycle : RepairGuideActivity onStop
10:37:24.800 lifeCycle : RepairGuideActivity onDestroy
TX: 	2021-11-22-10:37:25.229	APP0, 5AA622000000000000000000000000000000000000000000000000F0012F00

TX: 	2021-11-22-10:37:25.738	APP0, 5AA505000000000000000000000000000000000000000000000000F0010B00

RX: 	2021-11-22-10:37:25.804	APP0, 5AA5053039414A344E414E4330313932384400000000000000000001F04900

TX: 	2021-11-22-10:37:26.012	APP0, 5AA611000000000000000000000000000000000000000000000000F0011C00

RX: 	2021-11-22-10:37:26.080	APP0, 5AA61130000F00000000002A00381002000000000000000000000001F02300

TX: 	2021-11-22-10:37:26.286	APP0, 5AA511000000000000000000000000000000000000000000000000F0011F00

RX: 	2021-11-22-10:37:26.364	APP0, 5AA511008400CB005200000000000000000000000000FF3BA9000001F06F00

TX: 	2021-11-22-10:37:26.570	APP0, 5AA701000000000000000000000000000000000000000000000000F0010D00

RX: 	2021-11-22-10:37:26.647	APP0, 5AA70100008400CC0000005200000000000000000000000000000001F01700

TX: 	2021-11-22-10:37:26.853	APP0, 5AA602000000000000000000000000000000000000000000000000F0010F00

RX: 	2021-11-22-10:37:26.921	APP0, 5AA60200000500000000000000000000000000000000000000000001F00A00

10:37:27.108 lifeCycle : MainActivity onPause
TX: 	2021-11-22-10:37:27.128	APP0, 5AA514000000000000000000000000000000000000000000000000F0011A00

10:37:27.140 lifeCycle : REFSelfDiagnosisActivity onCreate
RX: 	2021-11-22-10:37:27.194	APP0, 5AA51400000000000000000000000000000000000000000000000001F01A00

10:37:27.285 lifeCycle : REFSelfDiagnosisActivity onStart
10:37:27.286 lifeCycle : REFSelfDiagnosisActivity onResume
TX: 	2021-11-22-10:37:27.458	APP0, 5AA544000000000000000000000000000000000000000000000000F0014A00

RX: 	2021-11-22-10:37:27.536	APP0, 5AA54400000000000000000000000000000000000000000000000001F04A00

TX: 	2021-11-22-10:37:27.743	APP0, 5AA612000000000000000000000000000000000000000000000000F0011F00

10:37:27.783 lifeCycle : MainActivity onStop
RX: 	2021-11-22-10:37:27.809	APP0, 5AA61202383838000000000010000000000000000000000000000001F03500

TX: 	2021-11-22-10:37:28.017	APP0, 5AA561000000000000000000000000000000000000000000000000F0016F00

RX: 	2021-11-22-10:37:28.084	APP0, 5AA56100000000040000000000000000000000000000000000000001F06B00

TX: 	2021-11-22-10:37:28.294	APP0, 5AA621000000000000000000000000000000000000000000000000F0012C00

10:37:28.804 lifeCycle : REFSelfDiagnosisActivity Finish
10:37:28.808 lifeCycle : REFSelfDiagnosisActivity onPause
10:37:28.825 lifeCycle : MainActivity onRestart
TX: 	2021-11-22-10:37:28.823	APP0, 5AA622000000000000000000000000000000000000000000000000F0012F00

10:37:28.828 lifeCycle : MainActivity onStart
10:37:28.830 lifeCycle : MainActivity onResume
10:37:29.322 lifeCycle : REFSelfDiagnosisActivity onStop
10:37:29.327 lifeCycle : REFSelfDiagnosisActivity onDestroy
TX: 	2021-11-22-10:37:29.336	APP0, 5AA505000000000000000000000000000000000000000000000000F0010B00

RX: 	2021-11-22-10:37:29.403	APP0, 5AA5053039414A344E414E4330313932384400000000000000000001F04900

TX: 	2021-11-22-10:37:29.607	APP0, 5AA611000000000000000000000000000000000000000000000000F0011C00

RX: 	2021-11-22-10:37:29.676	APP0, 5AA61130000F00000000002A00381002000000000000000000000001F02300

TX: 	2021-11-22-10:37:29.881	APP0, 5AA511000000000000000000000000000000000000000000000000F0011F00

RX: 	2021-11-22-10:37:29.958	APP0, 5AA511008400CB005200000000000000000000000000FF3BA9000001F06F00

TX: 	2021-11-22-10:37:30.167	APP0, 5AA701000000000000000000000000000000000000000000000000F0010D00

RX: 	2021-11-22-10:37:30.246	APP0, 5AA70100008400CC0000005200000000000000000000000000000001F01700

TX: 	2021-11-22-10:37:30.453	APP0, 5AA602000000000000000000000000000000000000000000000000F0010F00

RX: 	2021-11-22-10:37:30.520	APP0, 5AA60200000500000000000000000000000000000000000000000001F00A00

TX: 	2021-11-22-10:37:30.731	APP0, 5AA514000000000000000000000000000000000000000000000000F0011A00

10:37:30.773 lifeCycle : MainActivity onPause
RX: 	2021-11-22-10:37:30.798	APP0, 5AA51400000000000000000000000000000000000000000000000001F01A00

10:37:30.808 lifeCycle : WeakCoolingDiagActivity onCreate
10:37:30.859 lifeCycle : WeakCoolingDiagActivity onStart
10:37:30.861 lifeCycle : WeakCoolingDiagActivity onResume
TX: 	2021-11-22-10:37:31.007	APP0, 5AA608000000000000000000000000000000000000000000000000F0010500

RX: 	2021-11-22-10:37:31.074	APP0, 5AA60864000000000000000000000000000000000000000000000001F06100

TX: 	2021-11-22-10:37:31.131	APP0, 5AA530000000000000000000000000000000000000000000000000F0013E00

RX: 	2021-11-22-10:37:31.197	APP0, 5AA530CC610700080000000000000000000000000000000000000001F09C00

TX: 	2021-11-22-10:37:31.255	APP0, 5AA603000000000000000000000000000000000000000000000000F0010E00

RX: 	2021-11-22-10:37:31.323	APP0, 5AA6034855524852F00601F0061F4779ECF000000000000000000001F06700

10:37:31.356 lifeCycle : MainActivity onStop
TX: 	2021-11-22-10:37:31.379	APP0, 5AA544000000000000000000000000000000000000000000000000F0014A00

RX: 	2021-11-22-10:37:31.457	APP0, 5AA54400000000000000000000000000000000000000000000000001F04A00

TX: 	2021-11-22-10:37:31.663	APP0, 5AA612000000000000000000000000000000000000000000000000F0011F00

10:37:31.722 WeakCoolingDiagActivity : onClick()::Diagnosis start
RX: 	2021-11-22-10:37:31.730	APP0, 5AA61202383838000000000010000000000000000000000000000001F03500

TX: 	2021-11-22-10:37:31.738	APP0, 5AA620010000000000000000000000000000000000000000000000F0012C00

RX: 	2021-11-22-10:37:31.805	APP0, 5AA62001008300CC0000000500008500000100840000000000000001F06600

TX: 	2021-11-22-10:37:32.012	APP0, 5AA620020000000000000000000000000000000000000000000000F0012F00

RX: 	2021-11-22-10:37:32.078	APP0, 5AA62002007800B60000000508008500000800840000000000000001F0E500

TX: 	2021-11-22-10:37:32.289	APP0, 5AA620030000000000000000000000000000000000000000000000F0012E00

RX: 	2021-11-22-10:37:32.356	APP0, 5AA62003008100D80000000500008500000300840000000000000001F07000

TX: 	2021-11-22-10:37:32.563	APP0, 5AA620040000000000000000000000000000000000000000000000F0012900

RX: 	2021-11-22-10:37:32.629	APP0, 5AA62004008300D70000000500008500000000840000000000000001F07900

TX: 	2021-11-22-10:37:32.843	APP0, 5AA620050000000000000000000000000000000000000000000000F0012800

RX: 	2021-11-22-10:37:32.913	APP0, 5AA62005008300D70000000500008500000200840000000000000001F07A00

TX: 	2021-11-22-10:37:33.125	APP0, 5AA620060000000000000000000000000000000000000000000000F0012B00

RX: 	2021-11-22-10:37:33.195	APP0, 5AA62006008400D60000000500008500000000840000000000000001F07D00

TX: 	2021-11-22-10:37:33.411	APP0, 5AA620070000000000000000000000000000000000000000000000F0012A00

RX: 	2021-11-22-10:37:33.476	APP0, 5AA62007008300D40000000500008500000000840000000000000001F07900

TX: 	2021-11-22-10:37:33.685	APP0, 5AA620080000000000000000000000000000000000000000000000F0012500

RX: 	2021-11-22-10:37:33.754	APP0, 5AA62008007D00CE0000000500008500000000840000000000000001F09200

TX: 	2021-11-22-10:37:33.964	APP0, 5AA620090000000000000000000000000000000000000000000000F0012400

RX: 	2021-11-22-10:37:34.032	APP0, 5AA62009007600CE0000000500008500000000840000000000000001F09800

TX: 	2021-11-22-10:37:34.242	APP0, 5AA6200A0000000000000000000000000000000000000000000000F0012700

RX: 	2021-11-22-10:37:34.309	APP0, 5AA6200A006E00CA0000000508008500000000840000000000000001F08F00

TX: 	2021-11-22-10:37:34.518	APP0, 5AA6200B0000000000000000000000000000000000000000000000F0012600

RX: 	2021-11-22-10:37:34.586	APP0, 5AA6200B006400920000000008008500000000840000000000000001F0D900

TX: 	2021-11-22-10:37:34.797	APP0, 5AA6200C0000000000000000000000000000000000000000000000F0012100

RX: 	2021-11-22-10:37:34.863	APP0, 5AA6200C006300D90000000500008500000400840000000000000001F09B00

TX: 	2021-11-22-10:37:35.076	APP0, 5AA6200D0000000000000000000000000000000000000000000000F0012000

RX: 	2021-11-22-10:37:35.142	APP0, 5AA6200D006500D60000000100008500000500840000000000000001F09600

TX: 	2021-11-22-10:37:35.351	APP0, 5AA6200E0000000000000000000000000000000000000000000000F0012300

RX: 	2021-11-22-10:37:35.418	APP0, 5AA6200E006700D70000000500008500001100840000000000000001F08600

TX: 	2021-11-22-10:37:35.629	APP0, 5AA6200F0000000000000000000000000000000000000000000000F0012200

RX: 	2021-11-22-10:37:35.695	APP0, 5AA6200F006D00D60000000500008500001A00840000000000000001F08700

TX: 	2021-11-22-10:37:35.904	APP0, 5AA620100000000000000000000000000000000000000000000000F0013D00

RX: 	2021-11-22-10:37:35.971	APP0, 5AA62010007800D10000000500008500000600840000000000000001F09600

TX: 	2021-11-22-10:37:36.181	APP0, 5AA620110000000000000000000000000000000000000000000000F0013C00

RX: 	2021-11-22-10:37:36.250	APP0, 5AA62011007800CE0000000500008500000600840000000000000001F08800

TX: 	2021-11-22-10:37:36.457	APP0, 5AA620120000000000000000000000000000000000000000000000F0013F00

RX: 	2021-11-22-10:37:36.524	APP0, 5AA62012007100CA0000000500008500000D00840000000000000001F08D00

TX: 	2021-11-22-10:37:36.741	APP0, 5AA620130000000000000000000000000000000000000000000000F0013E00

RX: 	2021-11-22-10:37:36.805	APP0, 5AA62013006600C00000000508008500001300840000000000000001F08700

TX: 	2021-11-22-10:37:37.013	APP0, 5AA620140000000000000000000000000000000000000000000000F0013900

RX: 	2021-11-22-10:37:37.083	APP0, 5AA62014006800DB0000000500008500001000840000000000000001F09E00

TX: 	2021-11-22-10:37:37.290	APP0, 5AA620150000000000000000000000000000000000000000000000F0013800

RX: 	2021-11-22-10:37:37.363	APP0, 5AA62015007100DA0000000500008500001000840000000000000001F08700

TX: 	2021-11-22-10:37:37.576	APP0, 5AA620160000000000000000000000000000000000000000000000F0013B00

RX: 	2021-11-22-10:37:37.644	APP0, 5AA62016007D00D60000000500008500000700840000000000000001F09300

TX: 	2021-11-22-10:37:37.858	APP0, 5AA620170000000000000000000000000000000000000000000000F0013A00

RX: 	2021-11-22-10:37:37.925	APP0, 5AA62017007D00D20000000500008500000B00840000000000000001F09A00

TX: 	2021-11-22-10:37:38.158	APP0, 5AA620180000000000000000000000000000000000000000000000F0013500

Error: line1906
